<?xml version="1.0" encoding="UTF-8"?>
<testsuites name="SauceDemoWeb" time="196.818" tests="3" passed="3" failures="0" errors="0" incompleted="0" skipped="0">
   <testsuite name="SauceDemoWeb" tests="3" passed="3" failures="0" errors="0" incompleted="0" skipped="0" time="196.818" timestamp="2026-09-18T08:29:47.301Z" hostname="giyu - localhost" id="Test Suites/SauceDemoWeb" status="PASSED">
      <properties>
         <property name="deviceName" value=""/>
         <property name="devicePlatform"/>
         <property name="logFolder" value="/Users/giyu/Documents/Katalon/MyProjects/QA-Automation-Project/Reports/20260918_152945/SauceDemoWeb/20260918_152945"/>
         <property name="logFiles" value="/Users/giyu/Documents/Katalon/MyProjects/QA-Automation-Project/Reports/20260918_152945/SauceDemoWeb/20260918_152945/execution0.log, /Users/giyu/Documents/Katalon/MyProjects/QA-Automation-Project/Reports/20260918_152945/SauceDemoWeb/20260918_152945/console0.log"/>
         <property name="attachments" value=""/>
         <property name="executionBindingVariables" value="[]"/>
         <property name="hostName" value="giyu - localhost"/>
         <property name="os" value="Mac OS X 64bit"/>
         <property name="katalonVersion" value="11.5.0"/>
         <property name="browser" value="Chrome 153.0.8010.52"/>
         <property name="userFullName" value="Herman Testing"/>
         <property name="hostAddress" value="127.0.0.1"/>
         <property name="sessionId" value="b7b535f8f8b4ea905a3d8bc661769faf"/>
         <property name="projectName" value="QA-Automation-Challenge"/>
         <property name="seleniumVersion" value="4.46.0"/>
         <property name="proxyInformation" value="ProxyInformation { proxyOption=NO_PROXY, proxyServerType=HTTP, username=, password=********, proxyServerAddress=, proxyServerPort=0, executionList=&quot;&quot;, isApplyToDesiredCapabilities=true }"/>
         <property name="platform" value="Mac OS X"/>
      </properties>
      <testcase name="Test Cases/Smoke/TC_Smoke" time="27.603" classname="Test Cases/Smoke/TC_Smoke" status="PASSED">
         <system-out><![CDATA[18-09-2026T15:29:47 - [TEST_CASE][PASSED] - Test Cases/Smoke/TC_Smoke: Test Cases/Smoke/TC_Smoke

18-09-2026T15:29:47 - [TEST_STEP][PASSED] - runFeatureFile("Include/features/authentication/Login.feature"): Feature file: 'Include/features/authentication/Login.feature' was passed

18-09-2026T15:29:47 - [MESSAGE][INFO] - Starting run keyword runFeatureFile: 'Include/features/authentication/Login.feature' and extract report to folder: '/Users/giyu/Documents/Katalon/MyProjects/QA-Automation-Project/Reports/20260918_152945/SauceDemoWeb/20260918_152945/cucumber_report/1789720187459'...

18-09-2026T15:29:47 - [TEST_CASE][PASSED] - Start Test Case : SCENARIO Login with valid credentials: SCENARIO Login with valid credentials

18-09-2026T15:29:47 - [TEST_STEP][PASSED] - Before scenario: setUp: Wait for page load successfully

18-09-2026T15:29:47 - [MESSAGE][INFO] - Starting 'Chrome' driver

18-09-2026T15:29:47 - [MESSAGE][INFO] - User set preference: ['prefs', '{credentials_enable_service=false, profile.password_manager_enabled=false, profile.password_manager_leak_detection=false}']

18-09-2026T15:29:47 - [MESSAGE][INFO] - Action delay is set to 0 milliseconds

18-09-2026T15:29:49 - [MESSAGE][PASSED] - Browser is opened with url: ''

18-09-2026T15:29:50 - [MESSAGE][PASSED] - Current window maximized

18-09-2026T15:29:50 - [MESSAGE][PASSED] - Navigate to 'https://www.saucedemo.com' successfully

18-09-2026T15:29:50 - [MESSAGE][PASSED] - Wait for page load successfully

18-09-2026T15:29:50 - [TEST_STEP][PASSED] - user is on the login page: user is on the login page

18-09-2026T15:29:50 - [MESSAGE][PASSED] - user is on the login page

18-09-2026T15:29:50 - [TEST_STEP][PASSED] - user logs in with username "standard_user" and password "secret_sauce": user logs in with username "standard_user" and password "secret_sauce"

18-09-2026T15:29:50 - [MESSAGE][PASSED] - Object 'Object Repository/Login/txt_Username' is visible

18-09-2026T15:29:51 - [MESSAGE][PASSED] - Text 'standard_user' is set on object 'Object Repository/Login/txt_Username'

18-09-2026T15:29:52 - [MESSAGE][PASSED] - Text 'secret_sauce' is set on object 'Object Repository/Login/txt_Password'

18-09-2026T15:29:52 - [MESSAGE][PASSED] - Object 'Object Repository/Login/btn_Login' is clickable

18-09-2026T15:29:52 - [MESSAGE][PASSED] - Object: 'Object Repository/Login/btn_Login' is clicked on

18-09-2026T15:29:52 - [MESSAGE][PASSED] - user logs in with username "standard_user" and password "secret_sauce"

18-09-2026T15:29:52 - [TEST_STEP][PASSED] - user should be redirected to the inventory page: user should be redirected to the inventory page

18-09-2026T15:29:53 - [MESSAGE][PASSED] - Object 'Object Repository/Inventory/lbl_Title' is visible

18-09-2026T15:29:53 - [MESSAGE][PASSED] - Text of object 'Object Repository/Inventory/lbl_Title' is: 'Products'

18-09-2026T15:29:53 - [MESSAGE][PASSED] - user should be redirected to the inventory page

18-09-2026T15:29:53 - [TEST_STEP][PASSED] - After scenario: tearDown: Browser is closed

18-09-2026T15:29:53 - [MESSAGE][PASSED] - Browser is closed

18-09-2026T15:29:53 - [TEST_CASE][PASSED] - Start Test Case : SCENARIO Login with invalid credentials: SCENARIO Login with invalid credentials

18-09-2026T15:29:53 - [TEST_STEP][PASSED] - Before scenario: setUp: Wait for page load successfully

18-09-2026T15:29:53 - [MESSAGE][INFO] - Starting 'Chrome' driver

18-09-2026T15:29:53 - [MESSAGE][INFO] - User set preference: ['prefs', '{credentials_enable_service=false, profile.password_manager_enabled=false, profile.password_manager_leak_detection=false}']

18-09-2026T15:29:53 - [MESSAGE][INFO] - Action delay is set to 0 milliseconds

18-09-2026T15:29:54 - [MESSAGE][PASSED] - Browser is opened with url: ''

18-09-2026T15:29:54 - [MESSAGE][PASSED] - Current window maximized

18-09-2026T15:29:54 - [MESSAGE][PASSED] - Navigate to 'https://www.saucedemo.com' successfully

18-09-2026T15:29:54 - [MESSAGE][PASSED] - Wait for page load successfully

18-09-2026T15:29:54 - [TEST_STEP][PASSED] - user is on the login page: user is on the login page

18-09-2026T15:29:54 - [MESSAGE][PASSED] - user is on the login page

18-09-2026T15:29:54 - [TEST_STEP][PASSED] - user logs in with username "standard_user" and password "wrong_pass": user logs in with username "standard_user" and password "wrong_pass"

18-09-2026T15:29:55 - [MESSAGE][PASSED] - Object 'Object Repository/Login/txt_Username' is visible

18-09-2026T15:29:56 - [MESSAGE][PASSED] - Text 'standard_user' is set on object 'Object Repository/Login/txt_Username'

18-09-2026T15:29:56 - [MESSAGE][PASSED] - Text 'wrong_pass' is set on object 'Object Repository/Login/txt_Password'

18-09-2026T15:29:56 - [MESSAGE][PASSED] - Object 'Object Repository/Login/btn_Login' is clickable

18-09-2026T15:29:57 - [MESSAGE][PASSED] - Object: 'Object Repository/Login/btn_Login' is clicked on

18-09-2026T15:29:57 - [MESSAGE][PASSED] - user logs in with username "standard_user" and password "wrong_pass"

18-09-2026T15:29:57 - [TEST_STEP][PASSED] - login should fail with error message "Epic sadface: Username and password do not match any user in this service": login should fail with error message "Epic sadface: Username and password do not match any user in this service"

18-09-2026T15:29:57 - [MESSAGE][PASSED] - Object 'Object Repository/Login/lbl_ErrorMessage' is visible

18-09-2026T15:29:57 - [MESSAGE][PASSED] - Text of object 'Object Repository/Login/lbl_ErrorMessage' is: 'Epic sadface: Username and password do not match any user in this service'

18-09-2026T15:29:57 - [MESSAGE][PASSED] - login should fail with error message "Epic sadface: Username and password do not match any user in this service"

18-09-2026T15:29:57 - [TEST_STEP][PASSED] - After scenario: tearDown: Browser is closed

18-09-2026T15:29:57 - [MESSAGE][PASSED] - Browser is closed

18-09-2026T15:29:57 - [TEST_CASE][PASSED] - Start Test Case : SCENARIO Login with invalid credentials: SCENARIO Login with invalid credentials

18-09-2026T15:29:57 - [TEST_STEP][PASSED] - Before scenario: setUp: Wait for page load successfully

18-09-2026T15:29:57 - [MESSAGE][INFO] - Starting 'Chrome' driver

18-09-2026T15:29:57 - [MESSAGE][INFO] - User set preference: ['prefs', '{credentials_enable_service=false, profile.password_manager_enabled=false, profile.password_manager_leak_detection=false}']

18-09-2026T15:29:57 - [MESSAGE][INFO] - Action delay is set to 0 milliseconds

18-09-2026T15:29:58 - [MESSAGE][PASSED] - Browser is opened with url: ''

18-09-2026T15:29:58 - [MESSAGE][PASSED] - Current window maximized

18-09-2026T15:29:59 - [MESSAGE][PASSED] - Navigate to 'https://www.saucedemo.com' successfully

18-09-2026T15:29:59 - [MESSAGE][PASSED] - Wait for page load successfully

18-09-2026T15:29:59 - [TEST_STEP][PASSED] - user is on the login page: user is on the login page

18-09-2026T15:29:59 - [MESSAGE][PASSED] - user is on the login page

18-09-2026T15:29:59 - [TEST_STEP][PASSED] - user logs in with username "locked_out_user" and password "secret_sauce": user logs in with username "locked_out_user" and password "secret_sauce"

18-09-2026T15:29:59 - [MESSAGE][PASSED] - Object 'Object Repository/Login/txt_Username' is visible

18-09-2026T15:30:00 - [MESSAGE][PASSED] - Text 'locked_out_user' is set on object 'Object Repository/Login/txt_Username'

18-09-2026T15:30:00 - [MESSAGE][PASSED] - Text 'secret_sauce' is set on object 'Object Repository/Login/txt_Password'

18-09-2026T15:30:01 - [MESSAGE][PASSED] - Object 'Object Repository/Login/btn_Login' is clickable

18-09-2026T15:30:01 - [MESSAGE][PASSED] - Object: 'Object Repository/Login/btn_Login' is clicked on

18-09-2026T15:30:01 - [MESSAGE][PASSED] - user logs in with username "locked_out_user" and password "secret_sauce"

18-09-2026T15:30:01 - [TEST_STEP][PASSED] - login should fail with error message "Epic sadface: Sorry, this user has been locked out.": login should fail with error message "Epic sadface: Sorry, this user has been locked out."

18-09-2026T15:30:01 - [MESSAGE][PASSED] - Object 'Object Repository/Login/lbl_ErrorMessage' is visible

18-09-2026T15:30:02 - [MESSAGE][PASSED] - Text of object 'Object Repository/Login/lbl_ErrorMessage' is: 'Epic sadface: Sorry, this user has been locked out.'

18-09-2026T15:30:02 - [MESSAGE][PASSED] - login should fail with error message "Epic sadface: Sorry, this user has been locked out."

18-09-2026T15:30:02 - [TEST_STEP][PASSED] - After scenario: tearDown: Browser is closed

18-09-2026T15:30:02 - [MESSAGE][PASSED] - Browser is closed

18-09-2026T15:30:02 - [TEST_CASE][PASSED] - Start Test Case : SCENARIO Login with invalid credentials: SCENARIO Login with invalid credentials

18-09-2026T15:30:02 - [TEST_STEP][PASSED] - Before scenario: setUp: Wait for page load successfully

18-09-2026T15:30:02 - [MESSAGE][INFO] - Starting 'Chrome' driver

18-09-2026T15:30:02 - [MESSAGE][INFO] - User set preference: ['prefs', '{credentials_enable_service=false, profile.password_manager_enabled=false, profile.password_manager_leak_detection=false}']

18-09-2026T15:30:02 - [MESSAGE][INFO] - Action delay is set to 0 milliseconds

18-09-2026T15:30:02 - [MESSAGE][PASSED] - Browser is opened with url: ''

18-09-2026T15:30:03 - [MESSAGE][PASSED] - Current window maximized

18-09-2026T15:30:03 - [MESSAGE][PASSED] - Navigate to 'https://www.saucedemo.com' successfully

18-09-2026T15:30:03 - [MESSAGE][PASSED] - Wait for page load successfully

18-09-2026T15:30:03 - [TEST_STEP][PASSED] - user is on the login page: user is on the login page

18-09-2026T15:30:03 - [MESSAGE][PASSED] - user is on the login page

18-09-2026T15:30:03 - [TEST_STEP][PASSED] - user logs in with username "" and password "secret_sauce": user logs in with username "" and password "secret_sauce"

18-09-2026T15:30:04 - [MESSAGE][PASSED] - Object 'Object Repository/Login/txt_Username' is visible

18-09-2026T15:30:04 - [MESSAGE][PASSED] - Text '' is set on object 'Object Repository/Login/txt_Username'

18-09-2026T15:30:05 - [MESSAGE][PASSED] - Text 'secret_sauce' is set on object 'Object Repository/Login/txt_Password'

18-09-2026T15:30:05 - [MESSAGE][PASSED] - Object 'Object Repository/Login/btn_Login' is clickable

18-09-2026T15:30:05 - [MESSAGE][PASSED] - Object: 'Object Repository/Login/btn_Login' is clicked on

18-09-2026T15:30:05 - [MESSAGE][PASSED] - user logs in with username "" and password "secret_sauce"

18-09-2026T15:30:05 - [TEST_STEP][PASSED] - login should fail with error message "Epic sadface: Username is required": login should fail with error message "Epic sadface: Username is required"

18-09-2026T15:30:06 - [MESSAGE][PASSED] - Object 'Object Repository/Login/lbl_ErrorMessage' is visible

18-09-2026T15:30:06 - [MESSAGE][PASSED] - Text of object 'Object Repository/Login/lbl_ErrorMessage' is: 'Epic sadface: Username is required'

18-09-2026T15:30:06 - [MESSAGE][PASSED] - login should fail with error message "Epic sadface: Username is required"

18-09-2026T15:30:06 - [TEST_STEP][PASSED] - After scenario: tearDown: Browser is closed

18-09-2026T15:30:06 - [MESSAGE][PASSED] - Browser is closed

18-09-2026T15:30:06 - [TEST_CASE][PASSED] - Start Test Case : SCENARIO Login with invalid credentials: SCENARIO Login with invalid credentials

18-09-2026T15:30:06 - [TEST_STEP][PASSED] - Before scenario: setUp: Wait for page load successfully

18-09-2026T15:30:06 - [MESSAGE][INFO] - Starting 'Chrome' driver

18-09-2026T15:30:06 - [MESSAGE][INFO] - User set preference: ['prefs', '{credentials_enable_service=false, profile.password_manager_enabled=false, profile.password_manager_leak_detection=false}']

18-09-2026T15:30:06 - [MESSAGE][INFO] - Action delay is set to 0 milliseconds

18-09-2026T15:30:07 - [MESSAGE][PASSED] - Browser is opened with url: ''

18-09-2026T15:30:07 - [MESSAGE][PASSED] - Current window maximized

18-09-2026T15:30:07 - [MESSAGE][PASSED] - Navigate to 'https://www.saucedemo.com' successfully

18-09-2026T15:30:07 - [MESSAGE][PASSED] - Wait for page load successfully

18-09-2026T15:30:07 - [TEST_STEP][PASSED] - user is on the login page: user is on the login page

18-09-2026T15:30:07 - [MESSAGE][PASSED] - user is on the login page

18-09-2026T15:30:07 - [TEST_STEP][PASSED] - user logs in with username "standard_user" and password "": user logs in with username "standard_user" and password ""

18-09-2026T15:30:08 - [MESSAGE][PASSED] - Object 'Object Repository/Login/txt_Username' is visible

18-09-2026T15:30:08 - [MESSAGE][PASSED] - Text 'standard_user' is set on object 'Object Repository/Login/txt_Username'

18-09-2026T15:30:09 - [MESSAGE][PASSED] - Text '' is set on object 'Object Repository/Login/txt_Password'

18-09-2026T15:30:09 - [MESSAGE][PASSED] - Object 'Object Repository/Login/btn_Login' is clickable

18-09-2026T15:30:09 - [MESSAGE][PASSED] - Object: 'Object Repository/Login/btn_Login' is clicked on

18-09-2026T15:30:09 - [MESSAGE][PASSED] - user logs in with username "standard_user" and password ""

18-09-2026T15:30:09 - [TEST_STEP][PASSED] - login should fail with error message "Epic sadface: Password is required": login should fail with error message "Epic sadface: Password is required"

18-09-2026T15:30:10 - [MESSAGE][PASSED] - Object 'Object Repository/Login/lbl_ErrorMessage' is visible

18-09-2026T15:30:10 - [MESSAGE][PASSED] - Text of object 'Object Repository/Login/lbl_ErrorMessage' is: 'Epic sadface: Password is required'

18-09-2026T15:30:10 - [MESSAGE][PASSED] - login should fail with error message "Epic sadface: Password is required"

18-09-2026T15:30:10 - [TEST_STEP][PASSED] - After scenario: tearDown: Browser is closed

18-09-2026T15:30:10 - [MESSAGE][PASSED] - Browser is closed

18-09-2026T15:30:10 - [TEST_CASE][PASSED] - Start Test Case : SCENARIO Login with invalid credentials: SCENARIO Login with invalid credentials

18-09-2026T15:30:10 - [TEST_STEP][PASSED] - Before scenario: setUp: Wait for page load successfully

18-09-2026T15:30:10 - [MESSAGE][INFO] - Starting 'Chrome' driver

18-09-2026T15:30:10 - [MESSAGE][INFO] - User set preference: ['prefs', '{credentials_enable_service=false, profile.password_manager_enabled=false, profile.password_manager_leak_detection=false}']

18-09-2026T15:30:10 - [MESSAGE][INFO] - Action delay is set to 0 milliseconds

18-09-2026T15:30:11 - [MESSAGE][PASSED] - Browser is opened with url: ''

18-09-2026T15:30:11 - [MESSAGE][PASSED] - Current window maximized

18-09-2026T15:30:12 - [MESSAGE][PASSED] - Navigate to 'https://www.saucedemo.com' successfully

18-09-2026T15:30:12 - [MESSAGE][PASSED] - Wait for page load successfully

18-09-2026T15:30:12 - [TEST_STEP][PASSED] - user is on the login page: user is on the login page

18-09-2026T15:30:12 - [MESSAGE][PASSED] - user is on the login page

18-09-2026T15:30:12 - [TEST_STEP][PASSED] - user logs in with username "" and password "": user logs in with username "" and password ""

18-09-2026T15:30:12 - [MESSAGE][PASSED] - Object 'Object Repository/Login/txt_Username' is visible

18-09-2026T15:30:13 - [MESSAGE][PASSED] - Text '' is set on object 'Object Repository/Login/txt_Username'

18-09-2026T15:30:13 - [MESSAGE][PASSED] - Text '' is set on object 'Object Repository/Login/txt_Password'

18-09-2026T15:30:13 - [MESSAGE][PASSED] - Object 'Object Repository/Login/btn_Login' is clickable

18-09-2026T15:30:14 - [MESSAGE][PASSED] - Object: 'Object Repository/Login/btn_Login' is clicked on

18-09-2026T15:30:14 - [MESSAGE][PASSED] - user logs in with username "" and password ""

18-09-2026T15:30:14 - [TEST_STEP][PASSED] - login should fail with error message "Epic sadface: Username is required": login should fail with error message "Epic sadface: Username is required"

18-09-2026T15:30:14 - [MESSAGE][PASSED] - Object 'Object Repository/Login/lbl_ErrorMessage' is visible

18-09-2026T15:30:14 - [MESSAGE][PASSED] - Text of object 'Object Repository/Login/lbl_ErrorMessage' is: 'Epic sadface: Username is required'

18-09-2026T15:30:14 - [MESSAGE][PASSED] - login should fail with error message "Epic sadface: Username is required"

18-09-2026T15:30:14 - [TEST_STEP][PASSED] - After scenario: tearDown: Browser is closed

18-09-2026T15:30:14 - [MESSAGE][PASSED] - Browser is closed

18-09-2026T15:30:14 - [MESSAGE][PASSED] - Feature file: 'Include/features/authentication/Login.feature' was passed]]></system-out>
         <system-err><![CDATA[]]></system-err>
      </testcase>
      <testcase name="Test Cases/EndToEnd/TC_E2E" time="13.547" classname="Test Cases/EndToEnd/TC_E2E" status="PASSED">
         <system-out><![CDATA[18-09-2026T15:30:14 - [TEST_CASE][PASSED] - Test Cases/EndToEnd/TC_E2E: Test Cases/EndToEnd/TC_E2E

18-09-2026T15:30:14 - [TEST_STEP][PASSED] - runFeatureFile("Include/features/checkoutComplete/CheckoutComplete.feature"): Feature file: 'Include/features/checkoutComplete/CheckoutComplete.feature' was passed

18-09-2026T15:30:14 - [MESSAGE][INFO] - Starting run keyword runFeatureFile: 'Include/features/checkoutComplete/CheckoutComplete.feature' and extract report to folder: '/Users/giyu/Documents/Katalon/MyProjects/QA-Automation-Project/Reports/20260918_152945/SauceDemoWeb/20260918_152945/cucumber_report/1789720214961'...

18-09-2026T15:30:15 - [TEST_CASE][PASSED] - Start Test Case : SCENARIO Show successful order confirmation annd return to inventory: SCENARIO Show successful order confirmation annd return to inventory

18-09-2026T15:30:15 - [TEST_STEP][PASSED] - Before scenario: setUp: Wait for page load successfully

18-09-2026T15:30:15 - [MESSAGE][INFO] - Starting 'Chrome' driver

18-09-2026T15:30:15 - [MESSAGE][INFO] - User set preference: ['prefs', '{credentials_enable_service=false, profile.password_manager_enabled=false, profile.password_manager_leak_detection=false}']

18-09-2026T15:30:15 - [MESSAGE][INFO] - Action delay is set to 0 milliseconds

18-09-2026T15:30:15 - [MESSAGE][PASSED] - Browser is opened with url: ''

18-09-2026T15:30:16 - [MESSAGE][PASSED] - Current window maximized

18-09-2026T15:30:16 - [MESSAGE][PASSED] - Navigate to 'https://www.saucedemo.com' successfully

18-09-2026T15:30:16 - [MESSAGE][PASSED] - Wait for page load successfully

18-09-2026T15:30:16 - [TEST_STEP][PASSED] - user is logged in with valid credentials: user is logged in with valid credentials

18-09-2026T15:30:16 - [MESSAGE][PASSED] - Object 'Object Repository/Login/txt_Username' is visible

18-09-2026T15:30:17 - [MESSAGE][PASSED] - Text 'standard_user' is set on object 'Object Repository/Login/txt_Username'

18-09-2026T15:30:18 - [MESSAGE][PASSED] - Text 'secret_sauce' is set on object 'Object Repository/Login/txt_Password'

18-09-2026T15:30:18 - [MESSAGE][PASSED] - Object 'Object Repository/Login/btn_Login' is clickable

18-09-2026T15:30:18 - [MESSAGE][PASSED] - Object: 'Object Repository/Login/btn_Login' is clicked on

18-09-2026T15:30:19 - [MESSAGE][PASSED] - Object 'Object Repository/Inventory/lbl_Title' is visible

18-09-2026T15:30:19 - [MESSAGE][PASSED] - Text of object 'Object Repository/Inventory/lbl_Title' is: 'Products'

18-09-2026T15:30:19 - [MESSAGE][PASSED] - user is logged in with valid credentials

18-09-2026T15:30:19 - [TEST_STEP][PASSED] - user adds product "Sauce Labs Backpack" to the cart: user adds product "Sauce Labs Backpack" to the cart

18-09-2026T15:30:19 - [MESSAGE][PASSED] - Object 'Object Repository/Inventory/btn_AddToCart_Dynamic' is clickable

18-09-2026T15:30:19 - [MESSAGE][PASSED] - Object: 'Object Repository/Inventory/btn_AddToCart_Dynamic' is clicked on

18-09-2026T15:30:20 - [MESSAGE][PASSED] - Object 'Object Repository/Inventory/btn_Remove_Dynamic' is visible

18-09-2026T15:30:20 - [MESSAGE][PASSED] - user adds product "Sauce Labs Backpack" to the cart

18-09-2026T15:30:20 - [TEST_STEP][PASSED] - user clicks on shopping cart icon: user clicks on shopping cart icon

18-09-2026T15:30:20 - [MESSAGE][PASSED] - Object 'Object Repository/Common/btn_Cart' is clickable

18-09-2026T15:30:20 - [MESSAGE][PASSED] - Object: 'Object Repository/Common/btn_Cart' is clicked on

18-09-2026T15:30:21 - [MESSAGE][PASSED] - Object 'Object Repository/Cart/lbl_Title' is visible

18-09-2026T15:30:21 - [MESSAGE][PASSED] - user clicks on shopping cart icon

18-09-2026T15:30:21 - [TEST_STEP][PASSED] - user clicks the Checkout button: user clicks the Checkout button

18-09-2026T15:30:21 - [MESSAGE][PASSED] - Object 'Object Repository/Cart/btn_Checkout' is clickable

18-09-2026T15:30:21 - [MESSAGE][PASSED] - Object: 'Object Repository/Cart/btn_Checkout' is clicked on

18-09-2026T15:30:21 - [MESSAGE][PASSED] - user clicks the Checkout button

18-09-2026T15:30:21 - [TEST_STEP][PASSED] - user submits checkout information with first name "Herman", last name "Siswanto", and postal code "12345": user submits checkout information with first name "Herman", last name "Siswanto", and postal code "12345"

18-09-2026T15:30:22 - [MESSAGE][PASSED] - Object 'Object Repository/Checkout/txt_FirstName' is visible

18-09-2026T15:30:22 - [MESSAGE][PASSED] - Text 'Herman' is set on object 'Object Repository/Checkout/txt_FirstName'

18-09-2026T15:30:23 - [MESSAGE][PASSED] - Text 'Siswanto' is set on object 'Object Repository/Checkout/txt_LastName'

18-09-2026T15:30:24 - [MESSAGE][PASSED] - Text '12345' is set on object 'Object Repository/Checkout/txt_PostalCode'

18-09-2026T15:30:24 - [MESSAGE][PASSED] - Object 'Object Repository/Checkout/btn_Continue' is clickable

18-09-2026T15:30:24 - [MESSAGE][PASSED] - Object: 'Object Repository/Checkout/btn_Continue' is clicked on

18-09-2026T15:30:24 - [MESSAGE][PASSED] - user submits checkout information with first name "Herman", last name "Siswanto", and postal code "12345"

18-09-2026T15:30:24 - [TEST_STEP][PASSED] - user should be on the Checkout Overview page: user should be on the Checkout Overview page

18-09-2026T15:30:25 - [MESSAGE][PASSED] - Object 'Object Repository/CheckoutOverview/lbl_Title' is visible

18-09-2026T15:30:25 - [MESSAGE][PASSED] - Text of object 'Object Repository/CheckoutOverview/lbl_Title' is: 'Checkout: Overview'

18-09-2026T15:30:25 - [MESSAGE][PASSED] - user should be on the Checkout Overview page

18-09-2026T15:30:25 - [TEST_STEP][PASSED] - user finishes checkout from the overview page: user finishes checkout from the overview page

18-09-2026T15:30:25 - [MESSAGE][PASSED] - Object 'Object Repository/CheckoutOverview/btn_Finish' is clickable

18-09-2026T15:30:26 - [MESSAGE][PASSED] - Object: 'Object Repository/CheckoutOverview/btn_Finish' is clicked on

18-09-2026T15:30:26 - [MESSAGE][PASSED] - user finishes checkout from the overview page

18-09-2026T15:30:26 - [TEST_STEP][PASSED] - user should be on the Checkout Complete page: user should be on the Checkout Complete page

18-09-2026T15:30:26 - [MESSAGE][PASSED] - Object 'Object Repository/CheckoutComplete/lbl_Title' is visible

18-09-2026T15:30:26 - [MESSAGE][PASSED] - Text of object 'Object Repository/CheckoutComplete/lbl_Title' is: 'Checkout: Complete!'

18-09-2026T15:30:26 - [MESSAGE][PASSED] - user should be on the Checkout Complete page

18-09-2026T15:30:26 - [TEST_STEP][PASSED] - order confirmation should be "Thank you for your order!": order confirmation should be "Thank you for your order!"

18-09-2026T15:30:27 - [MESSAGE][PASSED] - Object 'Object Repository/CheckoutComplete/lbl_CompleteHeader' is visible

18-09-2026T15:30:27 - [MESSAGE][PASSED] - Text of object 'Object Repository/CheckoutComplete/lbl_CompleteHeader' is: 'Thank you for your order!'

18-09-2026T15:30:27 - [MESSAGE][PASSED] - order confirmation should be "Thank you for your order!"

18-09-2026T15:30:27 - [TEST_STEP][PASSED] - user clicks the Back Home button: user clicks the Back Home button

18-09-2026T15:30:27 - [MESSAGE][PASSED] - Object 'Object Repository/CheckoutComplete/btn_BackHome' is clickable

18-09-2026T15:30:27 - [MESSAGE][PASSED] - Object: 'Object Repository/CheckoutComplete/btn_BackHome' is clicked on

18-09-2026T15:30:27 - [MESSAGE][PASSED] - user clicks the Back Home button

18-09-2026T15:30:27 - [TEST_STEP][PASSED] - user should be redirected to the inventory page: user should be redirected to the inventory page

18-09-2026T15:30:28 - [MESSAGE][PASSED] - Object 'Object Repository/Inventory/lbl_Title' is visible

18-09-2026T15:30:28 - [MESSAGE][PASSED] - Text of object 'Object Repository/Inventory/lbl_Title' is: 'Products'

18-09-2026T15:30:28 - [MESSAGE][PASSED] - user should be redirected to the inventory page

18-09-2026T15:30:28 - [TEST_STEP][PASSED] - After scenario: tearDown: Browser is closed

18-09-2026T15:30:28 - [MESSAGE][PASSED] - Browser is closed

18-09-2026T15:30:28 - [MESSAGE][PASSED] - Feature file: 'Include/features/checkoutComplete/CheckoutComplete.feature' was passed]]></system-out>
         <system-err><![CDATA[]]></system-err>
      </testcase>
      <testcase name="Test Cases/Regression/TC_Regression" time="155.619" classname="Test Cases/Regression/TC_Regression" status="PASSED">
         <system-out><![CDATA[18-09-2026T15:30:28 - [TEST_CASE][PASSED] - Test Cases/Regression/TC_Regression: Test Cases/Regression/TC_Regression

18-09-2026T15:30:28 - [TEST_STEP][PASSED] - runFeatureFile("Include/features/inventory/Inventory.feature"): Feature file: 'Include/features/inventory/Inventory.feature' was passed

18-09-2026T15:30:28 - [MESSAGE][INFO] - Starting run keyword runFeatureFile: 'Include/features/inventory/Inventory.feature' and extract report to folder: '/Users/giyu/Documents/Katalon/MyProjects/QA-Automation-Project/Reports/20260918_152945/SauceDemoWeb/20260918_152945/cucumber_report/1789720228510'...

18-09-2026T15:30:28 - [TEST_CASE][PASSED] - Start Test Case : SCENARIO Verify product details and image integrity in catalog: SCENARIO Verify product details and image integrity in catalog

18-09-2026T15:30:28 - [TEST_STEP][PASSED] - Before scenario: setUp: Wait for page load successfully

18-09-2026T15:30:28 - [MESSAGE][INFO] - Starting 'Chrome' driver

18-09-2026T15:30:28 - [MESSAGE][INFO] - User set preference: ['prefs', '{credentials_enable_service=false, profile.password_manager_enabled=false, profile.password_manager_leak_detection=false}']

18-09-2026T15:30:28 - [MESSAGE][INFO] - Action delay is set to 0 milliseconds

18-09-2026T15:30:29 - [MESSAGE][PASSED] - Browser is opened with url: ''

18-09-2026T15:30:29 - [MESSAGE][PASSED] - Current window maximized

18-09-2026T15:30:30 - [MESSAGE][PASSED] - Navigate to 'https://www.saucedemo.com' successfully

18-09-2026T15:30:30 - [MESSAGE][PASSED] - Wait for page load successfully

18-09-2026T15:30:30 - [TEST_STEP][PASSED] - user is logged in with valid credentials: user is logged in with valid credentials

18-09-2026T15:30:30 - [MESSAGE][PASSED] - Object 'Object Repository/Login/txt_Username' is visible

18-09-2026T15:30:31 - [MESSAGE][PASSED] - Text 'standard_user' is set on object 'Object Repository/Login/txt_Username'

18-09-2026T15:30:31 - [MESSAGE][PASSED] - Text 'secret_sauce' is set on object 'Object Repository/Login/txt_Password'

18-09-2026T15:30:31 - [MESSAGE][PASSED] - Object 'Object Repository/Login/btn_Login' is clickable

18-09-2026T15:30:32 - [MESSAGE][PASSED] - Object: 'Object Repository/Login/btn_Login' is clicked on

18-09-2026T15:30:32 - [MESSAGE][PASSED] - Object 'Object Repository/Inventory/lbl_Title' is visible

18-09-2026T15:30:32 - [MESSAGE][PASSED] - Text of object 'Object Repository/Inventory/lbl_Title' is: 'Products'

18-09-2026T15:30:32 - [MESSAGE][PASSED] - user is logged in with valid credentials

18-09-2026T15:30:32 - [TEST_STEP][PASSED] - user should be redirected to the inventory page: user should be redirected to the inventory page

18-09-2026T15:30:33 - [MESSAGE][PASSED] - Object 'Object Repository/Inventory/lbl_Title' is visible

18-09-2026T15:30:33 - [MESSAGE][PASSED] - Text of object 'Object Repository/Inventory/lbl_Title' is: 'Products'

18-09-2026T15:30:33 - [MESSAGE][PASSED] - user should be redirected to the inventory page

18-09-2026T15:30:33 - [TEST_STEP][PASSED] - user verifies product image for "Sauce Labs Backpack" is displayed correctly: user verifies product image for "Sauce Labs Backpack" is displayed correctly

18-09-2026T15:30:33 - [MESSAGE][PASSED] - Object 'Object Repository/Inventory/img_Product_Dynamic' is visible

18-09-2026T15:30:33 - [MESSAGE][PASSED] - Found web element by test object Object Repository/Inventory/img_Product_Dynamic

18-09-2026T15:30:33 - [MESSAGE][PASSED] - Execute JavaScript 'return arguments[0].complete && typeof arguments[0].naturalWidth != 'undefined' && arguments[0].naturalWidth > 0;' successfully

18-09-2026T15:30:33 - [MESSAGE][PASSED] - user verifies product image for "Sauce Labs Backpack" is displayed correctly

18-09-2026T15:30:33 - [TEST_STEP][PASSED] - user should see product "Sauce Labs Backpack" details with price "$29.99" and description "carry.allTheThings() with the sleek, streamlined Sly Pack that melds uncompromising style with unequaled laptop and tablet protection.": user should see product "Sauce Labs Backpack" details with price "$29.99" and description "carry.allTheThings() with the sleek, streamlined Sly Pack that melds uncompromising style with unequaled laptop and tablet protection."

18-09-2026T15:30:33 - [MESSAGE][PASSED] - Object 'Object Repository/Inventory/lbl_ProductPrice_Dynamic' is visible

18-09-2026T15:30:34 - [MESSAGE][PASSED] - Object 'Object Repository/Inventory/lbl_ProductDesc_Dynamic' is visible

18-09-2026T15:30:34 - [MESSAGE][PASSED] - Text of object 'Object Repository/Inventory/lbl_ProductPrice_Dynamic' is: '$29.99'

18-09-2026T15:30:34 - [MESSAGE][PASSED] - Text of object 'Object Repository/Inventory/lbl_ProductDesc_Dynamic' is: 'carry.allTheThings() with the sleek, streamlined Sly Pack that melds uncompromising style with unequaled laptop and tablet protection.'

18-09-2026T15:30:34 - [MESSAGE][PASSED] - user should see product "Sauce Labs Backpack" details with price "$29.99" and description "carry.allTheThings() with the sleek, streamlined Sly Pack that melds uncompromising style with unequaled laptop and tablet protection."

18-09-2026T15:30:34 - [TEST_STEP][PASSED] - user should see total 6 products in the catalog: user should see total 6 products in the catalog

18-09-2026T15:30:34 - [MESSAGE][PASSED] - Object 'Object Repository/Inventory/lbl_ProductName_All' is visible

18-09-2026T15:30:35 - [MESSAGE][PASSED] - Found web elements by test object Object Repository/Inventory/lbl_ProductName_All

18-09-2026T15:30:35 - [MESSAGE][PASSED] - user should see total 6 products in the catalog

18-09-2026T15:30:35 - [TEST_STEP][PASSED] - After scenario: tearDown: Browser is closed

18-09-2026T15:30:35 - [MESSAGE][PASSED] - Browser is closed

18-09-2026T15:30:35 - [TEST_CASE][PASSED] - Start Test Case : SCENARIO Add multiple products to the cart: SCENARIO Add multiple products to the cart

18-09-2026T15:30:35 - [TEST_STEP][PASSED] - Before scenario: setUp: Wait for page load successfully

18-09-2026T15:30:35 - [MESSAGE][INFO] - Starting 'Chrome' driver

18-09-2026T15:30:35 - [MESSAGE][INFO] - User set preference: ['prefs', '{credentials_enable_service=false, profile.password_manager_enabled=false, profile.password_manager_leak_detection=false}']

18-09-2026T15:30:35 - [MESSAGE][INFO] - Action delay is set to 0 milliseconds

18-09-2026T15:30:36 - [MESSAGE][PASSED] - Browser is opened with url: ''

18-09-2026T15:30:36 - [MESSAGE][PASSED] - Current window maximized

18-09-2026T15:30:36 - [MESSAGE][PASSED] - Navigate to 'https://www.saucedemo.com' successfully

18-09-2026T15:30:36 - [MESSAGE][PASSED] - Wait for page load successfully

18-09-2026T15:30:36 - [TEST_STEP][PASSED] - user is logged in with valid credentials: user is logged in with valid credentials

18-09-2026T15:30:37 - [MESSAGE][PASSED] - Object 'Object Repository/Login/txt_Username' is visible

18-09-2026T15:30:37 - [MESSAGE][PASSED] - Text 'standard_user' is set on object 'Object Repository/Login/txt_Username'

18-09-2026T15:30:38 - [MESSAGE][PASSED] - Text 'secret_sauce' is set on object 'Object Repository/Login/txt_Password'

18-09-2026T15:30:38 - [MESSAGE][PASSED] - Object 'Object Repository/Login/btn_Login' is clickable

18-09-2026T15:30:38 - [MESSAGE][PASSED] - Object: 'Object Repository/Login/btn_Login' is clicked on

18-09-2026T15:30:39 - [MESSAGE][PASSED] - Object 'Object Repository/Inventory/lbl_Title' is visible

18-09-2026T15:30:39 - [MESSAGE][PASSED] - Text of object 'Object Repository/Inventory/lbl_Title' is: 'Products'

18-09-2026T15:30:39 - [MESSAGE][PASSED] - user is logged in with valid credentials

18-09-2026T15:30:39 - [TEST_STEP][PASSED] - user should be redirected to the inventory page: user should be redirected to the inventory page

18-09-2026T15:30:39 - [MESSAGE][PASSED] - Object 'Object Repository/Inventory/lbl_Title' is visible

18-09-2026T15:30:39 - [MESSAGE][PASSED] - Text of object 'Object Repository/Inventory/lbl_Title' is: 'Products'

18-09-2026T15:30:39 - [MESSAGE][PASSED] - user should be redirected to the inventory page

18-09-2026T15:30:39 - [TEST_STEP][PASSED] - user adds the following products to the cart:: user adds the following products to the cart:

18-09-2026T15:30:40 - [MESSAGE][PASSED] - Object 'Object Repository/Inventory/btn_AddToCart_Dynamic' is clickable

18-09-2026T15:30:40 - [MESSAGE][PASSED] - Object: 'Object Repository/Inventory/btn_AddToCart_Dynamic' is clicked on

18-09-2026T15:30:40 - [MESSAGE][PASSED] - Object 'Object Repository/Inventory/btn_Remove_Dynamic' is visible

18-09-2026T15:30:41 - [MESSAGE][PASSED] - Object 'Object Repository/Inventory/btn_AddToCart_Dynamic' is clickable

18-09-2026T15:30:41 - [MESSAGE][PASSED] - Object: 'Object Repository/Inventory/btn_AddToCart_Dynamic' is clicked on

18-09-2026T15:30:41 - [MESSAGE][PASSED] - Object 'Object Repository/Inventory/btn_Remove_Dynamic' is visible

18-09-2026T15:30:42 - [MESSAGE][PASSED] - Object 'Object Repository/Inventory/btn_AddToCart_Dynamic' is clickable

18-09-2026T15:30:42 - [MESSAGE][PASSED] - Object: 'Object Repository/Inventory/btn_AddToCart_Dynamic' is clicked on

18-09-2026T15:30:42 - [MESSAGE][PASSED] - Object 'Object Repository/Inventory/btn_Remove_Dynamic' is visible

18-09-2026T15:30:42 - [MESSAGE][PASSED] - user adds the following products to the cart:

18-09-2026T15:30:42 - [TEST_STEP][PASSED] - After scenario: tearDown: Browser is closed

18-09-2026T15:30:42 - [MESSAGE][PASSED] - Browser is closed

18-09-2026T15:30:42 - [TEST_CASE][PASSED] - Start Test Case : SCENARIO Add and remove product from cart via inventory page: SCENARIO Add and remove product from cart via inventory page

18-09-2026T15:30:42 - [TEST_STEP][PASSED] - Before scenario: setUp: Wait for page load successfully

18-09-2026T15:30:42 - [MESSAGE][INFO] - Starting 'Chrome' driver

18-09-2026T15:30:42 - [MESSAGE][INFO] - User set preference: ['prefs', '{credentials_enable_service=false, profile.password_manager_enabled=false, profile.password_manager_leak_detection=false}']

18-09-2026T15:30:42 - [MESSAGE][INFO] - Action delay is set to 0 milliseconds

18-09-2026T15:30:43 - [MESSAGE][PASSED] - Browser is opened with url: ''

18-09-2026T15:30:44 - [MESSAGE][PASSED] - Current window maximized

18-09-2026T15:30:44 - [MESSAGE][PASSED] - Navigate to 'https://www.saucedemo.com' successfully

18-09-2026T15:30:44 - [MESSAGE][PASSED] - Wait for page load successfully

18-09-2026T15:30:44 - [TEST_STEP][PASSED] - user is logged in with valid credentials: user is logged in with valid credentials

18-09-2026T15:30:44 - [MESSAGE][PASSED] - Object 'Object Repository/Login/txt_Username' is visible

18-09-2026T15:30:45 - [MESSAGE][PASSED] - Text 'standard_user' is set on object 'Object Repository/Login/txt_Username'

18-09-2026T15:30:45 - [MESSAGE][PASSED] - Text 'secret_sauce' is set on object 'Object Repository/Login/txt_Password'

18-09-2026T15:30:46 - [MESSAGE][PASSED] - Object 'Object Repository/Login/btn_Login' is clickable

18-09-2026T15:30:46 - [MESSAGE][PASSED] - Object: 'Object Repository/Login/btn_Login' is clicked on

18-09-2026T15:30:46 - [MESSAGE][PASSED] - Object 'Object Repository/Inventory/lbl_Title' is visible

18-09-2026T15:30:47 - [MESSAGE][PASSED] - Text of object 'Object Repository/Inventory/lbl_Title' is: 'Products'

18-09-2026T15:30:47 - [MESSAGE][PASSED] - user is logged in with valid credentials

18-09-2026T15:30:47 - [TEST_STEP][PASSED] - user should be redirected to the inventory page: user should be redirected to the inventory page

18-09-2026T15:30:47 - [MESSAGE][PASSED] - Object 'Object Repository/Inventory/lbl_Title' is visible

18-09-2026T15:30:47 - [MESSAGE][PASSED] - Text of object 'Object Repository/Inventory/lbl_Title' is: 'Products'

18-09-2026T15:30:47 - [MESSAGE][PASSED] - user should be redirected to the inventory page

18-09-2026T15:30:47 - [TEST_STEP][PASSED] - user adds product "Sauce Labs Backpack" to the cart: user adds product "Sauce Labs Backpack" to the cart

18-09-2026T15:30:47 - [MESSAGE][PASSED] - Object 'Object Repository/Inventory/btn_AddToCart_Dynamic' is clickable

18-09-2026T15:30:48 - [MESSAGE][PASSED] - Object: 'Object Repository/Inventory/btn_AddToCart_Dynamic' is clicked on

18-09-2026T15:30:48 - [MESSAGE][PASSED] - Object 'Object Repository/Inventory/btn_Remove_Dynamic' is visible

18-09-2026T15:30:48 - [MESSAGE][PASSED] - user adds product "Sauce Labs Backpack" to the cart

18-09-2026T15:30:48 - [TEST_STEP][PASSED] - user removes product "Sauce Labs Backpack" from the inventory page: user removes product "Sauce Labs Backpack" from the inventory page

18-09-2026T15:30:48 - [MESSAGE][PASSED] - Object 'Object Repository/Inventory/btn_Remove_Dynamic' is clickable

18-09-2026T15:30:49 - [MESSAGE][PASSED] - Object: 'Object Repository/Inventory/btn_Remove_Dynamic' is clicked on

18-09-2026T15:30:51 - [MESSAGE][INFO] - Unable to find the element located by 'By.xpath: //div[contains(@class, 'inventory_item_description')][.//div[contains(@class, 'inventory_item_name') and text()='Sauce Labs Backpack']]//button[text()='Remove']'. Please recheck the objects properties to make sure the desired element is located. 

18-09-2026T15:30:51 - [MESSAGE][PASSED] - Found web elements by test object Object Repository/Inventory/btn_Remove_Dynamic

18-09-2026T15:30:51 - [MESSAGE][PASSED] - user removes product "Sauce Labs Backpack" from the inventory page

18-09-2026T15:30:51 - [TEST_STEP][PASSED] - After scenario: tearDown: Browser is closed

18-09-2026T15:30:51 - [MESSAGE][PASSED] - Browser is closed

18-09-2026T15:30:51 - [TEST_CASE][PASSED] - Start Test Case : SCENARIO Sort products catalog: SCENARIO Sort products catalog

18-09-2026T15:30:51 - [TEST_STEP][PASSED] - Before scenario: setUp: Wait for page load successfully

18-09-2026T15:30:51 - [MESSAGE][INFO] - Starting 'Chrome' driver

18-09-2026T15:30:51 - [MESSAGE][INFO] - User set preference: ['prefs', '{credentials_enable_service=false, profile.password_manager_enabled=false, profile.password_manager_leak_detection=false}']

18-09-2026T15:30:51 - [MESSAGE][INFO] - Action delay is set to 0 milliseconds

18-09-2026T15:30:52 - [MESSAGE][PASSED] - Browser is opened with url: ''

18-09-2026T15:30:52 - [MESSAGE][PASSED] - Current window maximized

18-09-2026T15:30:52 - [MESSAGE][PASSED] - Navigate to 'https://www.saucedemo.com' successfully

18-09-2026T15:30:52 - [MESSAGE][PASSED] - Wait for page load successfully

18-09-2026T15:30:52 - [TEST_STEP][PASSED] - user is logged in with valid credentials: user is logged in with valid credentials

18-09-2026T15:30:53 - [MESSAGE][PASSED] - Object 'Object Repository/Login/txt_Username' is visible

18-09-2026T15:30:53 - [MESSAGE][PASSED] - Text 'standard_user' is set on object 'Object Repository/Login/txt_Username'

18-09-2026T15:30:54 - [MESSAGE][PASSED] - Text 'secret_sauce' is set on object 'Object Repository/Login/txt_Password'

18-09-2026T15:30:54 - [MESSAGE][PASSED] - Object 'Object Repository/Login/btn_Login' is clickable

18-09-2026T15:30:55 - [MESSAGE][PASSED] - Object: 'Object Repository/Login/btn_Login' is clicked on

18-09-2026T15:30:55 - [MESSAGE][PASSED] - Object 'Object Repository/Inventory/lbl_Title' is visible

18-09-2026T15:30:55 - [MESSAGE][PASSED] - Text of object 'Object Repository/Inventory/lbl_Title' is: 'Products'

18-09-2026T15:30:55 - [MESSAGE][PASSED] - user is logged in with valid credentials

18-09-2026T15:30:55 - [TEST_STEP][PASSED] - user should be redirected to the inventory page: user should be redirected to the inventory page

18-09-2026T15:30:55 - [MESSAGE][PASSED] - Object 'Object Repository/Inventory/lbl_Title' is visible

18-09-2026T15:30:56 - [MESSAGE][PASSED] - Text of object 'Object Repository/Inventory/lbl_Title' is: 'Products'

18-09-2026T15:30:56 - [MESSAGE][PASSED] - user should be redirected to the inventory page

18-09-2026T15:30:56 - [TEST_STEP][PASSED] - user sorts the products by "Name (A to Z)": user sorts the products by "Name (A to Z)"

18-09-2026T15:30:56 - [MESSAGE][PASSED] - Object 'Object Repository/Inventory/dropdown_Sort' is clickable

18-09-2026T15:30:56 - [MESSAGE][PASSED] - All options with label 'Name (A to Z)' are selected in object 'Object Repository/Inventory/dropdown_Sort' 

18-09-2026T15:30:56 - [MESSAGE][PASSED] - user sorts the products by "Name (A to Z)"

18-09-2026T15:30:56 - [TEST_STEP][PASSED] - user should see products sorted by "Name A to Z": user should see products sorted by "Name A to Z"

18-09-2026T15:30:57 - [MESSAGE][PASSED] - Object 'Object Repository/Inventory/lbl_ProductName_All' is visible

18-09-2026T15:30:57 - [MESSAGE][PASSED] - Found web elements by test object Object Repository/Inventory/lbl_ProductName_All

18-09-2026T15:30:57 - [MESSAGE][PASSED] - user should see products sorted by "Name A to Z"

18-09-2026T15:30:57 - [TEST_STEP][PASSED] - After scenario: tearDown: Browser is closed

18-09-2026T15:30:57 - [MESSAGE][PASSED] - Browser is closed

18-09-2026T15:30:57 - [TEST_CASE][PASSED] - Start Test Case : SCENARIO Sort products catalog: SCENARIO Sort products catalog

18-09-2026T15:30:57 - [TEST_STEP][PASSED] - Before scenario: setUp: Wait for page load successfully

18-09-2026T15:30:57 - [MESSAGE][INFO] - Starting 'Chrome' driver

18-09-2026T15:30:57 - [MESSAGE][INFO] - User set preference: ['prefs', '{credentials_enable_service=false, profile.password_manager_enabled=false, profile.password_manager_leak_detection=false}']

18-09-2026T15:30:57 - [MESSAGE][INFO] - Action delay is set to 0 milliseconds

18-09-2026T15:30:58 - [MESSAGE][PASSED] - Browser is opened with url: ''

18-09-2026T15:30:58 - [MESSAGE][PASSED] - Current window maximized

18-09-2026T15:30:58 - [MESSAGE][PASSED] - Navigate to 'https://www.saucedemo.com' successfully

18-09-2026T15:30:58 - [MESSAGE][PASSED] - Wait for page load successfully

18-09-2026T15:30:58 - [TEST_STEP][PASSED] - user is logged in with valid credentials: user is logged in with valid credentials

18-09-2026T15:30:59 - [MESSAGE][PASSED] - Object 'Object Repository/Login/txt_Username' is visible

18-09-2026T15:30:59 - [MESSAGE][PASSED] - Text 'standard_user' is set on object 'Object Repository/Login/txt_Username'

18-09-2026T15:31:00 - [MESSAGE][PASSED] - Text 'secret_sauce' is set on object 'Object Repository/Login/txt_Password'

18-09-2026T15:31:00 - [MESSAGE][PASSED] - Object 'Object Repository/Login/btn_Login' is clickable

18-09-2026T15:31:01 - [MESSAGE][PASSED] - Object: 'Object Repository/Login/btn_Login' is clicked on

18-09-2026T15:31:01 - [MESSAGE][PASSED] - Object 'Object Repository/Inventory/lbl_Title' is visible

18-09-2026T15:31:01 - [MESSAGE][PASSED] - Text of object 'Object Repository/Inventory/lbl_Title' is: 'Products'

18-09-2026T15:31:01 - [MESSAGE][PASSED] - user is logged in with valid credentials

18-09-2026T15:31:01 - [TEST_STEP][PASSED] - user should be redirected to the inventory page: user should be redirected to the inventory page

18-09-2026T15:31:01 - [MESSAGE][PASSED] - Object 'Object Repository/Inventory/lbl_Title' is visible

18-09-2026T15:31:02 - [MESSAGE][PASSED] - Text of object 'Object Repository/Inventory/lbl_Title' is: 'Products'

18-09-2026T15:31:02 - [MESSAGE][PASSED] - user should be redirected to the inventory page

18-09-2026T15:31:02 - [TEST_STEP][PASSED] - user sorts the products by "Name (Z to A)": user sorts the products by "Name (Z to A)"

18-09-2026T15:31:02 - [MESSAGE][PASSED] - Object 'Object Repository/Inventory/dropdown_Sort' is clickable

18-09-2026T15:31:02 - [MESSAGE][PASSED] - All options with label 'Name (Z to A)' are selected in object 'Object Repository/Inventory/dropdown_Sort' 

18-09-2026T15:31:02 - [MESSAGE][PASSED] - user sorts the products by "Name (Z to A)"

18-09-2026T15:31:02 - [TEST_STEP][PASSED] - user should see products sorted by "Name Z to A": user should see products sorted by "Name Z to A"

18-09-2026T15:31:03 - [MESSAGE][PASSED] - Object 'Object Repository/Inventory/lbl_ProductName_All' is visible

18-09-2026T15:31:03 - [MESSAGE][PASSED] - Found web elements by test object Object Repository/Inventory/lbl_ProductName_All

18-09-2026T15:31:03 - [MESSAGE][PASSED] - user should see products sorted by "Name Z to A"

18-09-2026T15:31:03 - [TEST_STEP][PASSED] - After scenario: tearDown: Browser is closed

18-09-2026T15:31:03 - [MESSAGE][PASSED] - Browser is closed

18-09-2026T15:31:03 - [TEST_CASE][PASSED] - Start Test Case : SCENARIO Sort products catalog: SCENARIO Sort products catalog

18-09-2026T15:31:03 - [TEST_STEP][PASSED] - Before scenario: setUp: Wait for page load successfully

18-09-2026T15:31:03 - [MESSAGE][INFO] - Starting 'Chrome' driver

18-09-2026T15:31:03 - [MESSAGE][INFO] - User set preference: ['prefs', '{credentials_enable_service=false, profile.password_manager_enabled=false, profile.password_manager_leak_detection=false}']

18-09-2026T15:31:03 - [MESSAGE][INFO] - Action delay is set to 0 milliseconds

18-09-2026T15:31:04 - [MESSAGE][PASSED] - Browser is opened with url: ''

18-09-2026T15:31:04 - [MESSAGE][PASSED] - Current window maximized

18-09-2026T15:31:05 - [MESSAGE][PASSED] - Navigate to 'https://www.saucedemo.com' successfully

18-09-2026T15:31:05 - [MESSAGE][PASSED] - Wait for page load successfully

18-09-2026T15:31:05 - [TEST_STEP][PASSED] - user is logged in with valid credentials: user is logged in with valid credentials

18-09-2026T15:31:05 - [MESSAGE][PASSED] - Object 'Object Repository/Login/txt_Username' is visible

18-09-2026T15:31:06 - [MESSAGE][PASSED] - Text 'standard_user' is set on object 'Object Repository/Login/txt_Username'

18-09-2026T15:31:06 - [MESSAGE][PASSED] - Text 'secret_sauce' is set on object 'Object Repository/Login/txt_Password'

18-09-2026T15:31:07 - [MESSAGE][PASSED] - Object 'Object Repository/Login/btn_Login' is clickable

18-09-2026T15:31:07 - [MESSAGE][PASSED] - Object: 'Object Repository/Login/btn_Login' is clicked on

18-09-2026T15:31:07 - [MESSAGE][PASSED] - Object 'Object Repository/Inventory/lbl_Title' is visible

18-09-2026T15:31:07 - [MESSAGE][PASSED] - Text of object 'Object Repository/Inventory/lbl_Title' is: 'Products'

18-09-2026T15:31:08 - [MESSAGE][PASSED] - user is logged in with valid credentials

18-09-2026T15:31:08 - [TEST_STEP][PASSED] - user should be redirected to the inventory page: user should be redirected to the inventory page

18-09-2026T15:31:08 - [MESSAGE][PASSED] - Object 'Object Repository/Inventory/lbl_Title' is visible

18-09-2026T15:31:08 - [MESSAGE][PASSED] - Text of object 'Object Repository/Inventory/lbl_Title' is: 'Products'

18-09-2026T15:31:08 - [MESSAGE][PASSED] - user should be redirected to the inventory page

18-09-2026T15:31:08 - [TEST_STEP][PASSED] - user sorts the products by "Price (low to high)": user sorts the products by "Price (low to high)"

18-09-2026T15:31:08 - [MESSAGE][PASSED] - Object 'Object Repository/Inventory/dropdown_Sort' is clickable

18-09-2026T15:31:09 - [MESSAGE][PASSED] - All options with label 'Price (low to high)' are selected in object 'Object Repository/Inventory/dropdown_Sort' 

18-09-2026T15:31:09 - [MESSAGE][PASSED] - user sorts the products by "Price (low to high)"

18-09-2026T15:31:09 - [TEST_STEP][PASSED] - user should see products sorted by "Price low to high": user should see products sorted by "Price low to high"

18-09-2026T15:31:09 - [MESSAGE][PASSED] - Object 'Object Repository/Inventory/lbl_ProductPrice_All' is visible

18-09-2026T15:31:09 - [MESSAGE][PASSED] - Found web elements by test object Object Repository/Inventory/lbl_ProductPrice_All

18-09-2026T15:31:09 - [MESSAGE][PASSED] - user should see products sorted by "Price low to high"

18-09-2026T15:31:09 - [TEST_STEP][PASSED] - After scenario: tearDown: Browser is closed

18-09-2026T15:31:10 - [MESSAGE][PASSED] - Browser is closed

18-09-2026T15:31:10 - [TEST_CASE][PASSED] - Start Test Case : SCENARIO Sort products catalog: SCENARIO Sort products catalog

18-09-2026T15:31:10 - [TEST_STEP][PASSED] - Before scenario: setUp: Wait for page load successfully

18-09-2026T15:31:10 - [MESSAGE][INFO] - Starting 'Chrome' driver

18-09-2026T15:31:10 - [MESSAGE][INFO] - User set preference: ['prefs', '{credentials_enable_service=false, profile.password_manager_enabled=false, profile.password_manager_leak_detection=false}']

18-09-2026T15:31:10 - [MESSAGE][INFO] - Action delay is set to 0 milliseconds

18-09-2026T15:31:10 - [MESSAGE][PASSED] - Browser is opened with url: ''

18-09-2026T15:31:11 - [MESSAGE][PASSED] - Current window maximized

18-09-2026T15:31:11 - [MESSAGE][PASSED] - Navigate to 'https://www.saucedemo.com' successfully

18-09-2026T15:31:11 - [MESSAGE][PASSED] - Wait for page load successfully

18-09-2026T15:31:11 - [TEST_STEP][PASSED] - user is logged in with valid credentials: user is logged in with valid credentials

18-09-2026T15:31:11 - [MESSAGE][PASSED] - Object 'Object Repository/Login/txt_Username' is visible

18-09-2026T15:31:12 - [MESSAGE][PASSED] - Text 'standard_user' is set on object 'Object Repository/Login/txt_Username'

18-09-2026T15:31:13 - [MESSAGE][PASSED] - Text 'secret_sauce' is set on object 'Object Repository/Login/txt_Password'

18-09-2026T15:31:13 - [MESSAGE][PASSED] - Object 'Object Repository/Login/btn_Login' is clickable

18-09-2026T15:31:13 - [MESSAGE][PASSED] - Object: 'Object Repository/Login/btn_Login' is clicked on

18-09-2026T15:31:13 - [MESSAGE][PASSED] - Object 'Object Repository/Inventory/lbl_Title' is visible

18-09-2026T15:31:14 - [MESSAGE][PASSED] - Text of object 'Object Repository/Inventory/lbl_Title' is: 'Products'

18-09-2026T15:31:14 - [MESSAGE][PASSED] - user is logged in with valid credentials

18-09-2026T15:31:14 - [TEST_STEP][PASSED] - user should be redirected to the inventory page: user should be redirected to the inventory page

18-09-2026T15:31:14 - [MESSAGE][PASSED] - Object 'Object Repository/Inventory/lbl_Title' is visible

18-09-2026T15:31:14 - [MESSAGE][PASSED] - Text of object 'Object Repository/Inventory/lbl_Title' is: 'Products'

18-09-2026T15:31:14 - [MESSAGE][PASSED] - user should be redirected to the inventory page

18-09-2026T15:31:14 - [TEST_STEP][PASSED] - user sorts the products by "Price (high to low)": user sorts the products by "Price (high to low)"

18-09-2026T15:31:14 - [MESSAGE][PASSED] - Object 'Object Repository/Inventory/dropdown_Sort' is clickable

18-09-2026T15:31:15 - [MESSAGE][PASSED] - All options with label 'Price (high to low)' are selected in object 'Object Repository/Inventory/dropdown_Sort' 

18-09-2026T15:31:15 - [MESSAGE][PASSED] - user sorts the products by "Price (high to low)"

18-09-2026T15:31:15 - [TEST_STEP][PASSED] - user should see products sorted by "Price high to low": user should see products sorted by "Price high to low"

18-09-2026T15:31:15 - [MESSAGE][PASSED] - Object 'Object Repository/Inventory/lbl_ProductPrice_All' is visible

18-09-2026T15:31:16 - [MESSAGE][PASSED] - Found web elements by test object Object Repository/Inventory/lbl_ProductPrice_All

18-09-2026T15:31:16 - [MESSAGE][PASSED] - user should see products sorted by "Price high to low"

18-09-2026T15:31:16 - [TEST_STEP][PASSED] - After scenario: tearDown: Browser is closed

18-09-2026T15:31:16 - [MESSAGE][PASSED] - Browser is closed

18-09-2026T15:31:16 - [MESSAGE][PASSED] - Feature file: 'Include/features/inventory/Inventory.feature' was passed

18-09-2026T15:31:16 - [TEST_STEP][PASSED] - runFeatureFile("Include/features/cart/Cart.feature"): Feature file: 'Include/features/cart/Cart.feature' was passed

18-09-2026T15:31:16 - [MESSAGE][INFO] - Starting run keyword runFeatureFile: 'Include/features/cart/Cart.feature' and extract report to folder: '/Users/giyu/Documents/Katalon/MyProjects/QA-Automation-Project/Reports/20260918_152945/SauceDemoWeb/20260918_152945/cucumber_report/1789720276257'...

18-09-2026T15:31:16 - [TEST_CASE][PASSED] - Start Test Case : SCENARIO Verify product is displayed in the cart: SCENARIO Verify product is displayed in the cart

18-09-2026T15:31:16 - [TEST_STEP][PASSED] - Before scenario: setUp: Wait for page load successfully

18-09-2026T15:31:16 - [MESSAGE][INFO] - Starting 'Chrome' driver

18-09-2026T15:31:16 - [MESSAGE][INFO] - User set preference: ['prefs', '{credentials_enable_service=false, profile.password_manager_enabled=false, profile.password_manager_leak_detection=false}']

18-09-2026T15:31:16 - [MESSAGE][INFO] - Action delay is set to 0 milliseconds

18-09-2026T15:31:17 - [MESSAGE][PASSED] - Browser is opened with url: ''

18-09-2026T15:31:17 - [MESSAGE][PASSED] - Current window maximized

18-09-2026T15:31:17 - [MESSAGE][PASSED] - Navigate to 'https://www.saucedemo.com' successfully

18-09-2026T15:31:17 - [MESSAGE][PASSED] - Wait for page load successfully

18-09-2026T15:31:17 - [TEST_STEP][PASSED] - user is logged in with valid credentials: user is logged in with valid credentials

18-09-2026T15:31:18 - [MESSAGE][PASSED] - Object 'Object Repository/Login/txt_Username' is visible

18-09-2026T15:31:18 - [MESSAGE][PASSED] - Text 'standard_user' is set on object 'Object Repository/Login/txt_Username'

18-09-2026T15:31:19 - [MESSAGE][PASSED] - Text 'secret_sauce' is set on object 'Object Repository/Login/txt_Password'

18-09-2026T15:31:19 - [MESSAGE][PASSED] - Object 'Object Repository/Login/btn_Login' is clickable

18-09-2026T15:31:19 - [MESSAGE][PASSED] - Object: 'Object Repository/Login/btn_Login' is clicked on

18-09-2026T15:31:20 - [MESSAGE][PASSED] - Object 'Object Repository/Inventory/lbl_Title' is visible

18-09-2026T15:31:20 - [MESSAGE][PASSED] - Text of object 'Object Repository/Inventory/lbl_Title' is: 'Products'

18-09-2026T15:31:20 - [MESSAGE][PASSED] - user is logged in with valid credentials

18-09-2026T15:31:20 - [TEST_STEP][PASSED] - user should be redirected to the inventory page: user should be redirected to the inventory page

18-09-2026T15:31:20 - [MESSAGE][PASSED] - Object 'Object Repository/Inventory/lbl_Title' is visible

18-09-2026T15:31:20 - [MESSAGE][PASSED] - Text of object 'Object Repository/Inventory/lbl_Title' is: 'Products'

18-09-2026T15:31:21 - [MESSAGE][PASSED] - user should be redirected to the inventory page

18-09-2026T15:31:21 - [TEST_STEP][PASSED] - user adds product "Sauce Labs Backpack" to the cart: user adds product "Sauce Labs Backpack" to the cart

18-09-2026T15:31:21 - [MESSAGE][PASSED] - Object 'Object Repository/Inventory/btn_AddToCart_Dynamic' is clickable

18-09-2026T15:31:21 - [MESSAGE][PASSED] - Object: 'Object Repository/Inventory/btn_AddToCart_Dynamic' is clicked on

18-09-2026T15:31:21 - [MESSAGE][PASSED] - Object 'Object Repository/Inventory/btn_Remove_Dynamic' is visible

18-09-2026T15:31:21 - [MESSAGE][PASSED] - user adds product "Sauce Labs Backpack" to the cart

18-09-2026T15:31:21 - [TEST_STEP][PASSED] - user clicks on shopping cart icon: user clicks on shopping cart icon

18-09-2026T15:31:22 - [MESSAGE][PASSED] - Object 'Object Repository/Common/btn_Cart' is clickable

18-09-2026T15:31:22 - [MESSAGE][PASSED] - Object: 'Object Repository/Common/btn_Cart' is clicked on

18-09-2026T15:31:22 - [MESSAGE][PASSED] - Object 'Object Repository/Cart/lbl_Title' is visible

18-09-2026T15:31:22 - [MESSAGE][PASSED] - user clicks on shopping cart icon

18-09-2026T15:31:22 - [TEST_STEP][PASSED] - user should be on the cart page: user should be on the cart page

18-09-2026T15:31:23 - [MESSAGE][PASSED] - Object 'Object Repository/Cart/lbl_Title' is visible

18-09-2026T15:31:23 - [MESSAGE][PASSED] - Text of object 'Object Repository/Cart/lbl_Title' is: 'Your Cart'

18-09-2026T15:31:23 - [MESSAGE][PASSED] - user should be on the cart page

18-09-2026T15:31:23 - [TEST_STEP][PASSED] - user should see product name "Sauce Labs Backpack" and price "$29.99" in the cart: user should see product name "Sauce Labs Backpack" and price "$29.99" in the cart

18-09-2026T15:31:23 - [MESSAGE][PASSED] - Object 'Object Repository/Cart/lbl_ProductName_Dynamic' is visible

18-09-2026T15:31:23 - [MESSAGE][PASSED] - Object 'Object Repository/Cart/lbl_ProductPrice_Dynamic' is visible

18-09-2026T15:31:24 - [MESSAGE][PASSED] - Text of object 'Object Repository/Cart/lbl_ProductName_Dynamic' is: 'Sauce Labs Backpack'

18-09-2026T15:31:24 - [MESSAGE][PASSED] - Text of object 'Object Repository/Cart/lbl_ProductPrice_Dynamic' is: '$29.99'

18-09-2026T15:31:24 - [MESSAGE][PASSED] - user should see product name "Sauce Labs Backpack" and price "$29.99" in the cart

18-09-2026T15:31:24 - [TEST_STEP][PASSED] - the cart should contain 1 item: the cart should contain 1 item

18-09-2026T15:31:24 - [MESSAGE][PASSED] - Found web elements by test object Object Repository/Cart/lbl_CartItem_List

18-09-2026T15:31:24 - [MESSAGE][PASSED] - the cart should contain 1 item

18-09-2026T15:31:24 - [TEST_STEP][PASSED] - cart badge should display "1": cart badge should display "1"

18-09-2026T15:31:24 - [MESSAGE][PASSED] - Object 'Object Repository/Common/icn_CartBadge' is visible

18-09-2026T15:31:25 - [MESSAGE][PASSED] - Text of object 'Object Repository/Common/icn_CartBadge' is: '1'

18-09-2026T15:31:25 - [MESSAGE][PASSED] - cart badge should display "1"

18-09-2026T15:31:25 - [TEST_STEP][PASSED] - After scenario: tearDown: Browser is closed

18-09-2026T15:31:25 - [MESSAGE][PASSED] - Browser is closed

18-09-2026T15:31:25 - [TEST_CASE][PASSED] - Start Test Case : SCENARIO Remove product from the cart: SCENARIO Remove product from the cart

18-09-2026T15:31:25 - [TEST_STEP][PASSED] - Before scenario: setUp: Wait for page load successfully

18-09-2026T15:31:25 - [MESSAGE][INFO] - Starting 'Chrome' driver

18-09-2026T15:31:25 - [MESSAGE][INFO] - User set preference: ['prefs', '{credentials_enable_service=false, profile.password_manager_enabled=false, profile.password_manager_leak_detection=false}']

18-09-2026T15:31:25 - [MESSAGE][INFO] - Action delay is set to 0 milliseconds

18-09-2026T15:31:25 - [MESSAGE][PASSED] - Browser is opened with url: ''

18-09-2026T15:31:26 - [MESSAGE][PASSED] - Current window maximized

18-09-2026T15:31:26 - [MESSAGE][PASSED] - Navigate to 'https://www.saucedemo.com' successfully

18-09-2026T15:31:26 - [MESSAGE][PASSED] - Wait for page load successfully

18-09-2026T15:31:26 - [TEST_STEP][PASSED] - user is logged in with valid credentials: user is logged in with valid credentials

18-09-2026T15:31:27 - [MESSAGE][PASSED] - Object 'Object Repository/Login/txt_Username' is visible

18-09-2026T15:31:27 - [MESSAGE][PASSED] - Text 'standard_user' is set on object 'Object Repository/Login/txt_Username'

18-09-2026T15:31:28 - [MESSAGE][PASSED] - Text 'secret_sauce' is set on object 'Object Repository/Login/txt_Password'

18-09-2026T15:31:28 - [MESSAGE][PASSED] - Object 'Object Repository/Login/btn_Login' is clickable

18-09-2026T15:31:28 - [MESSAGE][PASSED] - Object: 'Object Repository/Login/btn_Login' is clicked on

18-09-2026T15:31:29 - [MESSAGE][PASSED] - Object 'Object Repository/Inventory/lbl_Title' is visible

18-09-2026T15:31:29 - [MESSAGE][PASSED] - Text of object 'Object Repository/Inventory/lbl_Title' is: 'Products'

18-09-2026T15:31:29 - [MESSAGE][PASSED] - user is logged in with valid credentials

18-09-2026T15:31:29 - [TEST_STEP][PASSED] - user should be redirected to the inventory page: user should be redirected to the inventory page

18-09-2026T15:31:29 - [MESSAGE][PASSED] - Object 'Object Repository/Inventory/lbl_Title' is visible

18-09-2026T15:31:29 - [MESSAGE][PASSED] - Text of object 'Object Repository/Inventory/lbl_Title' is: 'Products'

18-09-2026T15:31:29 - [MESSAGE][PASSED] - user should be redirected to the inventory page

18-09-2026T15:31:29 - [TEST_STEP][PASSED] - user adds product "Sauce Labs Backpack" to the cart: user adds product "Sauce Labs Backpack" to the cart

18-09-2026T15:31:30 - [MESSAGE][PASSED] - Object 'Object Repository/Inventory/btn_AddToCart_Dynamic' is clickable

18-09-2026T15:31:30 - [MESSAGE][PASSED] - Object: 'Object Repository/Inventory/btn_AddToCart_Dynamic' is clicked on

18-09-2026T15:31:30 - [MESSAGE][PASSED] - Object 'Object Repository/Inventory/btn_Remove_Dynamic' is visible

18-09-2026T15:31:30 - [MESSAGE][PASSED] - user adds product "Sauce Labs Backpack" to the cart

18-09-2026T15:31:30 - [TEST_STEP][PASSED] - user clicks on shopping cart icon: user clicks on shopping cart icon

18-09-2026T15:31:31 - [MESSAGE][PASSED] - Object 'Object Repository/Common/btn_Cart' is clickable

18-09-2026T15:31:31 - [MESSAGE][PASSED] - Object: 'Object Repository/Common/btn_Cart' is clicked on

18-09-2026T15:31:31 - [MESSAGE][PASSED] - Object 'Object Repository/Cart/lbl_Title' is visible

18-09-2026T15:31:31 - [MESSAGE][PASSED] - user clicks on shopping cart icon

18-09-2026T15:31:31 - [TEST_STEP][PASSED] - user removes "Sauce Labs Backpack" from the cart page: user removes "Sauce Labs Backpack" from the cart page

18-09-2026T15:31:31 - [MESSAGE][PASSED] - Object 'Object Repository/Cart/btn_Remove_Dynamic' is clickable

18-09-2026T15:31:32 - [MESSAGE][PASSED] - Object: 'Object Repository/Cart/btn_Remove_Dynamic' is clicked on

18-09-2026T15:31:32 - [MESSAGE][PASSED] - user removes "Sauce Labs Backpack" from the cart page

18-09-2026T15:31:32 - [TEST_STEP][PASSED] - the cart page should be empty: the cart page should be empty

18-09-2026T15:31:38 - [MESSAGE][INFO] - Unable to find the element located by 'By.xpath: //*[@data-test='inventory-item']'. Please recheck the objects properties to make sure the desired element is located. 

18-09-2026T15:31:38 - [MESSAGE][PASSED] - Found web elements by test object Object Repository/Cart/lbl_CartItem_List

18-09-2026T15:31:38 - [MESSAGE][PASSED] - the cart page should be empty

18-09-2026T15:31:38 - [TEST_STEP][PASSED] - cart badge should not be visible: cart badge should not be visible

18-09-2026T15:31:40 - [MESSAGE][INFO] - Unable to find the element located by 'By.xpath: //*[@data-test = 'shopping-cart-badge']'. Please recheck the objects properties to make sure the desired element is located. 

18-09-2026T15:31:40 - [MESSAGE][PASSED] - Found web elements by test object Object Repository/Common/icn_CartBadge

18-09-2026T15:31:40 - [MESSAGE][PASSED] - cart badge should not be visible

18-09-2026T15:31:40 - [TEST_STEP][PASSED] - After scenario: tearDown: Browser is closed

18-09-2026T15:31:40 - [MESSAGE][PASSED] - Browser is closed

18-09-2026T15:31:40 - [TEST_CASE][PASSED] - Start Test Case : SCENARIO Continue shopping from cart: SCENARIO Continue shopping from cart

18-09-2026T15:31:40 - [TEST_STEP][PASSED] - Before scenario: setUp: Wait for page load successfully

18-09-2026T15:31:40 - [MESSAGE][INFO] - Starting 'Chrome' driver

18-09-2026T15:31:40 - [MESSAGE][INFO] - User set preference: ['prefs', '{credentials_enable_service=false, profile.password_manager_enabled=false, profile.password_manager_leak_detection=false}']

18-09-2026T15:31:40 - [MESSAGE][INFO] - Action delay is set to 0 milliseconds

18-09-2026T15:31:41 - [MESSAGE][PASSED] - Browser is opened with url: ''

18-09-2026T15:31:41 - [MESSAGE][PASSED] - Current window maximized

18-09-2026T15:31:41 - [MESSAGE][PASSED] - Navigate to 'https://www.saucedemo.com' successfully

18-09-2026T15:31:41 - [MESSAGE][PASSED] - Wait for page load successfully

18-09-2026T15:31:41 - [TEST_STEP][PASSED] - user is logged in with valid credentials: user is logged in with valid credentials

18-09-2026T15:31:42 - [MESSAGE][PASSED] - Object 'Object Repository/Login/txt_Username' is visible

18-09-2026T15:31:42 - [MESSAGE][PASSED] - Text 'standard_user' is set on object 'Object Repository/Login/txt_Username'

18-09-2026T15:31:43 - [MESSAGE][PASSED] - Text 'secret_sauce' is set on object 'Object Repository/Login/txt_Password'

18-09-2026T15:31:43 - [MESSAGE][PASSED] - Object 'Object Repository/Login/btn_Login' is clickable

18-09-2026T15:31:43 - [MESSAGE][PASSED] - Object: 'Object Repository/Login/btn_Login' is clicked on

18-09-2026T15:31:44 - [MESSAGE][PASSED] - Object 'Object Repository/Inventory/lbl_Title' is visible

18-09-2026T15:31:44 - [MESSAGE][PASSED] - Text of object 'Object Repository/Inventory/lbl_Title' is: 'Products'

18-09-2026T15:31:44 - [MESSAGE][PASSED] - user is logged in with valid credentials

18-09-2026T15:31:44 - [TEST_STEP][PASSED] - user should be redirected to the inventory page: user should be redirected to the inventory page

18-09-2026T15:31:44 - [MESSAGE][PASSED] - Object 'Object Repository/Inventory/lbl_Title' is visible

18-09-2026T15:31:45 - [MESSAGE][PASSED] - Text of object 'Object Repository/Inventory/lbl_Title' is: 'Products'

18-09-2026T15:31:45 - [MESSAGE][PASSED] - user should be redirected to the inventory page

18-09-2026T15:31:45 - [TEST_STEP][PASSED] - user adds product "Sauce Labs Backpack" to the cart: user adds product "Sauce Labs Backpack" to the cart

18-09-2026T15:31:45 - [MESSAGE][PASSED] - Object 'Object Repository/Inventory/btn_AddToCart_Dynamic' is clickable

18-09-2026T15:31:45 - [MESSAGE][PASSED] - Object: 'Object Repository/Inventory/btn_AddToCart_Dynamic' is clicked on

18-09-2026T15:31:46 - [MESSAGE][PASSED] - Object 'Object Repository/Inventory/btn_Remove_Dynamic' is visible

18-09-2026T15:31:46 - [MESSAGE][PASSED] - user adds product "Sauce Labs Backpack" to the cart

18-09-2026T15:31:46 - [TEST_STEP][PASSED] - user clicks on shopping cart icon: user clicks on shopping cart icon

18-09-2026T15:31:46 - [MESSAGE][PASSED] - Object 'Object Repository/Common/btn_Cart' is clickable

18-09-2026T15:31:46 - [MESSAGE][PASSED] - Object: 'Object Repository/Common/btn_Cart' is clicked on

18-09-2026T15:31:47 - [MESSAGE][PASSED] - Object 'Object Repository/Cart/lbl_Title' is visible

18-09-2026T15:31:47 - [MESSAGE][PASSED] - user clicks on shopping cart icon

18-09-2026T15:31:47 - [TEST_STEP][PASSED] - user should be on the cart page: user should be on the cart page

18-09-2026T15:31:47 - [MESSAGE][PASSED] - Object 'Object Repository/Cart/lbl_Title' is visible

18-09-2026T15:31:47 - [MESSAGE][PASSED] - Text of object 'Object Repository/Cart/lbl_Title' is: 'Your Cart'

18-09-2026T15:31:47 - [MESSAGE][PASSED] - user should be on the cart page

18-09-2026T15:31:47 - [TEST_STEP][PASSED] - user clicks the Continue Shopping button: user clicks the Continue Shopping button

18-09-2026T15:31:47 - [MESSAGE][PASSED] - Object 'Object Repository/Cart/btn_ContinueShopping' is clickable

18-09-2026T15:31:48 - [MESSAGE][PASSED] - Object: 'Object Repository/Cart/btn_ContinueShopping' is clicked on

18-09-2026T15:31:48 - [MESSAGE][PASSED] - user clicks the Continue Shopping button

18-09-2026T15:31:48 - [TEST_STEP][PASSED] - user should be redirected back to the inventory page: user should be redirected back to the inventory page

18-09-2026T15:31:48 - [MESSAGE][PASSED] - Object 'Object Repository/Inventory/lbl_Title' is visible

18-09-2026T15:31:48 - [MESSAGE][PASSED] - Text of object 'Object Repository/Inventory/lbl_Title' is: 'Products'

18-09-2026T15:31:48 - [MESSAGE][PASSED] - user should be redirected back to the inventory page

18-09-2026T15:31:48 - [TEST_STEP][PASSED] - After scenario: tearDown: Browser is closed

18-09-2026T15:31:48 - [MESSAGE][PASSED] - Browser is closed

18-09-2026T15:31:48 - [TEST_CASE][PASSED] - Start Test Case : SCENARIO Proceed to checkout from cart: SCENARIO Proceed to checkout from cart

18-09-2026T15:31:48 - [TEST_STEP][PASSED] - Before scenario: setUp: Wait for page load successfully

18-09-2026T15:31:48 - [MESSAGE][INFO] - Starting 'Chrome' driver

18-09-2026T15:31:48 - [MESSAGE][INFO] - User set preference: ['prefs', '{credentials_enable_service=false, profile.password_manager_enabled=false, profile.password_manager_leak_detection=false}']

18-09-2026T15:31:48 - [MESSAGE][INFO] - Action delay is set to 0 milliseconds

18-09-2026T15:31:49 - [MESSAGE][PASSED] - Browser is opened with url: ''

18-09-2026T15:31:50 - [MESSAGE][PASSED] - Current window maximized

18-09-2026T15:31:50 - [MESSAGE][PASSED] - Navigate to 'https://www.saucedemo.com' successfully

18-09-2026T15:31:50 - [MESSAGE][PASSED] - Wait for page load successfully

18-09-2026T15:31:50 - [TEST_STEP][PASSED] - user is logged in with valid credentials: user is logged in with valid credentials

18-09-2026T15:31:50 - [MESSAGE][PASSED] - Object 'Object Repository/Login/txt_Username' is visible

18-09-2026T15:31:51 - [MESSAGE][PASSED] - Text 'standard_user' is set on object 'Object Repository/Login/txt_Username'

18-09-2026T15:31:51 - [MESSAGE][PASSED] - Text 'secret_sauce' is set on object 'Object Repository/Login/txt_Password'

18-09-2026T15:31:52 - [MESSAGE][PASSED] - Object 'Object Repository/Login/btn_Login' is clickable

18-09-2026T15:31:52 - [MESSAGE][PASSED] - Object: 'Object Repository/Login/btn_Login' is clicked on

18-09-2026T15:31:52 - [MESSAGE][PASSED] - Object 'Object Repository/Inventory/lbl_Title' is visible

18-09-2026T15:31:53 - [MESSAGE][PASSED] - Text of object 'Object Repository/Inventory/lbl_Title' is: 'Products'

18-09-2026T15:31:53 - [MESSAGE][PASSED] - user is logged in with valid credentials

18-09-2026T15:31:53 - [TEST_STEP][PASSED] - user should be redirected to the inventory page: user should be redirected to the inventory page

18-09-2026T15:31:53 - [MESSAGE][PASSED] - Object 'Object Repository/Inventory/lbl_Title' is visible

18-09-2026T15:31:53 - [MESSAGE][PASSED] - Text of object 'Object Repository/Inventory/lbl_Title' is: 'Products'

18-09-2026T15:31:53 - [MESSAGE][PASSED] - user should be redirected to the inventory page

18-09-2026T15:31:53 - [TEST_STEP][PASSED] - user adds product "Sauce Labs Backpack" to the cart: user adds product "Sauce Labs Backpack" to the cart

18-09-2026T15:31:53 - [MESSAGE][PASSED] - Object 'Object Repository/Inventory/btn_AddToCart_Dynamic' is clickable

18-09-2026T15:31:54 - [MESSAGE][PASSED] - Object: 'Object Repository/Inventory/btn_AddToCart_Dynamic' is clicked on

18-09-2026T15:31:54 - [MESSAGE][PASSED] - Object 'Object Repository/Inventory/btn_Remove_Dynamic' is visible

18-09-2026T15:31:54 - [MESSAGE][PASSED] - user adds product "Sauce Labs Backpack" to the cart

18-09-2026T15:31:54 - [TEST_STEP][PASSED] - user clicks on shopping cart icon: user clicks on shopping cart icon

18-09-2026T15:31:54 - [MESSAGE][PASSED] - Object 'Object Repository/Common/btn_Cart' is clickable

18-09-2026T15:31:55 - [MESSAGE][PASSED] - Object: 'Object Repository/Common/btn_Cart' is clicked on

18-09-2026T15:31:55 - [MESSAGE][PASSED] - Object 'Object Repository/Cart/lbl_Title' is visible

18-09-2026T15:31:55 - [MESSAGE][PASSED] - user clicks on shopping cart icon

18-09-2026T15:31:55 - [TEST_STEP][PASSED] - user should be on the cart page: user should be on the cart page

18-09-2026T15:31:55 - [MESSAGE][PASSED] - Object 'Object Repository/Cart/lbl_Title' is visible

18-09-2026T15:31:55 - [MESSAGE][PASSED] - Text of object 'Object Repository/Cart/lbl_Title' is: 'Your Cart'

18-09-2026T15:31:55 - [MESSAGE][PASSED] - user should be on the cart page

18-09-2026T15:31:55 - [TEST_STEP][PASSED] - user clicks the Checkout button: user clicks the Checkout button

18-09-2026T15:31:56 - [MESSAGE][PASSED] - Object 'Object Repository/Cart/btn_Checkout' is clickable

18-09-2026T15:31:56 - [MESSAGE][PASSED] - Object: 'Object Repository/Cart/btn_Checkout' is clicked on

18-09-2026T15:31:56 - [MESSAGE][PASSED] - user clicks the Checkout button

18-09-2026T15:31:56 - [TEST_STEP][PASSED] - user should be directed to the Checkout Information Page: user should be directed to the Checkout Information Page

18-09-2026T15:31:56 - [MESSAGE][PASSED] - Object 'Object Repository/Checkout/lbl_Title' is visible

18-09-2026T15:31:57 - [MESSAGE][PASSED] - Text of object 'Object Repository/Checkout/lbl_Title' is: 'Checkout: Your Information'

18-09-2026T15:31:57 - [MESSAGE][PASSED] - user should be directed to the Checkout Information Page

18-09-2026T15:31:57 - [TEST_STEP][PASSED] - After scenario: tearDown: Browser is closed

18-09-2026T15:31:57 - [MESSAGE][PASSED] - Browser is closed

18-09-2026T15:31:57 - [MESSAGE][PASSED] - Feature file: 'Include/features/cart/Cart.feature' was passed

18-09-2026T15:31:57 - [TEST_STEP][PASSED] - runFeatureFile("Include/features/checkoutInformation/CheckoutInformation.feature"): Feature file: 'Include/features/checkoutInformation/CheckoutInformation.feature' was passed

18-09-2026T15:31:57 - [MESSAGE][INFO] - Starting run keyword runFeatureFile: 'Include/features/checkoutInformation/CheckoutInformation.feature' and extract report to folder: '/Users/giyu/Documents/Katalon/MyProjects/QA-Automation-Project/Reports/20260918_152945/SauceDemoWeb/20260918_152945/cucumber_report/1789720317293'...

18-09-2026T15:31:57 - [TEST_CASE][PASSED] - Start Test Case : SCENARIO Submit complete checkout information: SCENARIO Submit complete checkout information

18-09-2026T15:31:57 - [TEST_STEP][PASSED] - Before scenario: setUp: Wait for page load successfully

18-09-2026T15:31:57 - [MESSAGE][INFO] - Starting 'Chrome' driver

18-09-2026T15:31:57 - [MESSAGE][INFO] - User set preference: ['prefs', '{credentials_enable_service=false, profile.password_manager_enabled=false, profile.password_manager_leak_detection=false}']

18-09-2026T15:31:57 - [MESSAGE][INFO] - Action delay is set to 0 milliseconds

18-09-2026T15:31:58 - [MESSAGE][PASSED] - Browser is opened with url: ''

18-09-2026T15:31:58 - [MESSAGE][PASSED] - Current window maximized

18-09-2026T15:31:58 - [MESSAGE][PASSED] - Navigate to 'https://www.saucedemo.com' successfully

18-09-2026T15:31:58 - [MESSAGE][PASSED] - Wait for page load successfully

18-09-2026T15:31:58 - [TEST_STEP][PASSED] - user is logged in with valid credentials: user is logged in with valid credentials

18-09-2026T15:31:59 - [MESSAGE][PASSED] - Object 'Object Repository/Login/txt_Username' is visible

18-09-2026T15:31:59 - [MESSAGE][PASSED] - Text 'standard_user' is set on object 'Object Repository/Login/txt_Username'

18-09-2026T15:32:00 - [MESSAGE][PASSED] - Text 'secret_sauce' is set on object 'Object Repository/Login/txt_Password'

18-09-2026T15:32:00 - [MESSAGE][PASSED] - Object 'Object Repository/Login/btn_Login' is clickable

18-09-2026T15:32:00 - [MESSAGE][PASSED] - Object: 'Object Repository/Login/btn_Login' is clicked on

18-09-2026T15:32:01 - [MESSAGE][PASSED] - Object 'Object Repository/Inventory/lbl_Title' is visible

18-09-2026T15:32:01 - [MESSAGE][PASSED] - Text of object 'Object Repository/Inventory/lbl_Title' is: 'Products'

18-09-2026T15:32:01 - [MESSAGE][PASSED] - user is logged in with valid credentials

18-09-2026T15:32:01 - [TEST_STEP][PASSED] - user adds product "Sauce Labs Backpack" to the cart: user adds product "Sauce Labs Backpack" to the cart

18-09-2026T15:32:01 - [MESSAGE][PASSED] - Object 'Object Repository/Inventory/btn_AddToCart_Dynamic' is clickable

18-09-2026T15:32:02 - [MESSAGE][PASSED] - Object: 'Object Repository/Inventory/btn_AddToCart_Dynamic' is clicked on

18-09-2026T15:32:02 - [MESSAGE][PASSED] - Object 'Object Repository/Inventory/btn_Remove_Dynamic' is visible

18-09-2026T15:32:02 - [MESSAGE][PASSED] - user adds product "Sauce Labs Backpack" to the cart

18-09-2026T15:32:02 - [TEST_STEP][PASSED] - user clicks on shopping cart icon: user clicks on shopping cart icon

18-09-2026T15:32:02 - [MESSAGE][PASSED] - Object 'Object Repository/Common/btn_Cart' is clickable

18-09-2026T15:32:03 - [MESSAGE][PASSED] - Object: 'Object Repository/Common/btn_Cart' is clicked on

18-09-2026T15:32:03 - [MESSAGE][PASSED] - Object 'Object Repository/Cart/lbl_Title' is visible

18-09-2026T15:32:03 - [MESSAGE][PASSED] - user clicks on shopping cart icon

18-09-2026T15:32:03 - [TEST_STEP][PASSED] - user clicks the Checkout button: user clicks the Checkout button

18-09-2026T15:32:03 - [MESSAGE][PASSED] - Object 'Object Repository/Cart/btn_Checkout' is clickable

18-09-2026T15:32:03 - [MESSAGE][PASSED] - Object: 'Object Repository/Cart/btn_Checkout' is clicked on

18-09-2026T15:32:03 - [MESSAGE][PASSED] - user clicks the Checkout button

18-09-2026T15:32:03 - [TEST_STEP][PASSED] - user should be directed to the Checkout Information Page: user should be directed to the Checkout Information Page

18-09-2026T15:32:04 - [MESSAGE][PASSED] - Object 'Object Repository/Checkout/lbl_Title' is visible

18-09-2026T15:32:04 - [MESSAGE][PASSED] - Text of object 'Object Repository/Checkout/lbl_Title' is: 'Checkout: Your Information'

18-09-2026T15:32:04 - [MESSAGE][PASSED] - user should be directed to the Checkout Information Page

18-09-2026T15:32:04 - [TEST_STEP][PASSED] - user submits checkout information with first name "Herman", last name "Siswanto", and postal code "12345": user submits checkout information with first name "Herman", last name "Siswanto", and postal code "12345"

18-09-2026T15:32:04 - [MESSAGE][PASSED] - Object 'Object Repository/Checkout/txt_FirstName' is visible

18-09-2026T15:32:05 - [MESSAGE][PASSED] - Text 'Herman' is set on object 'Object Repository/Checkout/txt_FirstName'

18-09-2026T15:32:06 - [MESSAGE][PASSED] - Text 'Siswanto' is set on object 'Object Repository/Checkout/txt_LastName'

[...]

18-09-2026T15:32:27 - [MESSAGE][PASSED] - Text '' is set on object 'Object Repository/Checkout/txt_LastName'

18-09-2026T15:32:27 - [MESSAGE][PASSED] - Text '12345' is set on object 'Object Repository/Checkout/txt_PostalCode'

18-09-2026T15:32:28 - [MESSAGE][PASSED] - Object 'Object Repository/Checkout/btn_Continue' is clickable

18-09-2026T15:32:28 - [MESSAGE][PASSED] - Object: 'Object Repository/Checkout/btn_Continue' is clicked on

18-09-2026T15:32:28 - [MESSAGE][PASSED] - user submits checkout information with first name "Herman", last name "", and postal code "12345"

18-09-2026T15:32:28 - [TEST_STEP][PASSED] - checkout information should show error message "Error: Last Name is required": checkout information should show error message "Error: Last Name is required"

18-09-2026T15:32:28 - [MESSAGE][PASSED] - Object 'Object Repository/Checkout/lbl_ErrorMessage' is visible

18-09-2026T15:32:29 - [MESSAGE][PASSED] - Text of object 'Object Repository/Checkout/lbl_ErrorMessage' is: 'Error: Last Name is required'

18-09-2026T15:32:29 - [MESSAGE][PASSED] - checkout information should show error message "Error: Last Name is required"

18-09-2026T15:32:29 - [TEST_STEP][PASSED] - After scenario: tearDown: Browser is closed

18-09-2026T15:32:29 - [MESSAGE][PASSED] - Browser is closed

18-09-2026T15:32:29 - [TEST_CASE][PASSED] - Start Test Case : SCENARIO Show validation error for incomplete checkout information: SCENARIO Show validation error for incomplete checkout information

18-09-2026T15:32:29 - [TEST_STEP][PASSED] - Before scenario: setUp: Wait for page load successfully

18-09-2026T15:32:29 - [MESSAGE][INFO] - Starting 'Chrome' driver

18-09-2026T15:32:29 - [MESSAGE][INFO] - User set preference: ['prefs', '{credentials_enable_service=false, profile.password_manager_enabled=false, profile.password_manager_leak_detection=false}']

18-09-2026T15:32:29 - [MESSAGE][INFO] - Action delay is set to 0 milliseconds

18-09-2026T15:32:30 - [MESSAGE][PASSED] - Browser is opened with url: ''

18-09-2026T15:32:30 - [MESSAGE][PASSED] - Current window maximized

18-09-2026T15:32:30 - [MESSAGE][PASSED] - Navigate to 'https://www.saucedemo.com' successfully

18-09-2026T15:32:30 - [MESSAGE][PASSED] - Wait for page load successfully

18-09-2026T15:32:30 - [TEST_STEP][PASSED] - user is logged in with valid credentials: user is logged in with valid credentials

18-09-2026T15:32:31 - [MESSAGE][PASSED] - Object 'Object Repository/Login/txt_Username' is visible

18-09-2026T15:32:31 - [MESSAGE][PASSED] - Text 'standard_user' is set on object 'Object Repository/Login/txt_Username'

18-09-2026T15:32:32 - [MESSAGE][PASSED] - Text 'secret_sauce' is set on object 'Object Repository/Login/txt_Password'

18-09-2026T15:32:32 - [MESSAGE][PASSED] - Object 'Object Repository/Login/btn_Login' is clickable

18-09-2026T15:32:32 - [MESSAGE][PASSED] - Object: 'Object Repository/Login/btn_Login' is clicked on

18-09-2026T15:32:33 - [MESSAGE][PASSED] - Object 'Object Repository/Inventory/lbl_Title' is visible

18-09-2026T15:32:33 - [MESSAGE][PASSED] - Text of object 'Object Repository/Inventory/lbl_Title' is: 'Products'

18-09-2026T15:32:33 - [MESSAGE][PASSED] - user is logged in with valid credentials

18-09-2026T15:32:33 - [TEST_STEP][PASSED] - user adds product "Sauce Labs Backpack" to the cart: user adds product "Sauce Labs Backpack" to the cart

18-09-2026T15:32:33 - [MESSAGE][PASSED] - Object 'Object Repository/Inventory/btn_AddToCart_Dynamic' is clickable

18-09-2026T15:32:33 - [MESSAGE][PASSED] - Object: 'Object Repository/Inventory/btn_AddToCart_Dynamic' is clicked on

18-09-2026T15:32:34 - [MESSAGE][PASSED] - Object 'Object Repository/Inventory/btn_Remove_Dynamic' is visible

18-09-2026T15:32:34 - [MESSAGE][PASSED] - user adds product "Sauce Labs Backpack" to the cart

18-09-2026T15:32:34 - [TEST_STEP][PASSED] - user clicks on shopping cart icon: user clicks on shopping cart icon

18-09-2026T15:32:34 - [MESSAGE][PASSED] - Object 'Object Repository/Common/btn_Cart' is clickable

18-09-2026T15:32:34 - [MESSAGE][PASSED] - Object: 'Object Repository/Common/btn_Cart' is clicked on

18-09-2026T15:32:35 - [MESSAGE][PASSED] - Object 'Object Repository/Cart/lbl_Title' is visible

18-09-2026T15:32:35 - [MESSAGE][PASSED] - user clicks on shopping cart icon

18-09-2026T15:32:35 - [TEST_STEP][PASSED] - user clicks the Checkout button: user clicks the Checkout button

18-09-2026T15:32:35 - [MESSAGE][PASSED] - Object 'Object Repository/Cart/btn_Checkout' is clickable

18-09-2026T15:32:35 - [MESSAGE][PASSED] - Object: 'Object Repository/Cart/btn_Checkout' is clicked on

18-09-2026T15:32:35 - [MESSAGE][PASSED] - user clicks the Checkout button

18-09-2026T15:32:35 - [TEST_STEP][PASSED] - user should be directed to the Checkout Information Page: user should be directed to the Checkout Information Page

18-09-2026T15:32:36 - [MESSAGE][PASSED] - Object 'Object Repository/Checkout/lbl_Title' is visible

18-09-2026T15:32:36 - [MESSAGE][PASSED] - Text of object 'Object Repository/Checkout/lbl_Title' is: 'Checkout: Your Information'

18-09-2026T15:32:36 - [MESSAGE][PASSED] - user should be directed to the Checkout Information Page

18-09-2026T15:32:36 - [TEST_STEP][PASSED] - user submits checkout information with first name "Herman", last name "Siswanto", and postal code "": user submits checkout information with first name "Herman", last name "Siswanto", and postal code ""

18-09-2026T15:32:36 - [MESSAGE][PASSED] - Object 'Object Repository/Checkout/txt_FirstName' is visible

18-09-2026T15:32:37 - [MESSAGE][PASSED] - Text 'Herman' is set on object 'Object Repository/Checkout/txt_FirstName'

18-09-2026T15:32:38 - [MESSAGE][PASSED] - Text 'Siswanto' is set on object 'Object Repository/Checkout/txt_LastName'

18-09-2026T15:32:38 - [MESSAGE][PASSED] - Text '' is set on object 'Object Repository/Checkout/txt_PostalCode'

18-09-2026T15:32:39 - [MESSAGE][PASSED] - Object 'Object Repository/Checkout/btn_Continue' is clickable

18-09-2026T15:32:39 - [MESSAGE][PASSED] - Object: 'Object Repository/Checkout/btn_Continue' is clicked on

18-09-2026T15:32:39 - [MESSAGE][PASSED] - user submits checkout information with first name "Herman", last name "Siswanto", and postal code ""

18-09-2026T15:32:39 - [TEST_STEP][PASSED] - checkout information should show error message "Error: Postal Code is required": checkout information should show error message "Error: Postal Code is required"

18-09-2026T15:32:39 - [MESSAGE][PASSED] - Object 'Object Repository/Checkout/lbl_ErrorMessage' is visible

18-09-2026T15:32:39 - [MESSAGE][PASSED] - Text of object 'Object Repository/Checkout/lbl_ErrorMessage' is: 'Error: Postal Code is required'

18-09-2026T15:32:39 - [MESSAGE][PASSED] - checkout information should show error message "Error: Postal Code is required"

18-09-2026T15:32:39 - [TEST_STEP][PASSED] - After scenario: tearDown: Browser is closed

18-09-2026T15:32:40 - [MESSAGE][PASSED] - Browser is closed

18-09-2026T15:32:40 - [MESSAGE][PASSED] - Feature file: 'Include/features/checkoutInformation/CheckoutInformation.feature' was passed

18-09-2026T15:32:40 - [TEST_STEP][PASSED] - runFeatureFile("Include/features/checkoutOverview/CheckoutOverview.feature"): Feature file: 'Include/features/checkoutOverview/CheckoutOverview.feature' was passed

18-09-2026T15:32:40 - [MESSAGE][INFO] - Starting run keyword runFeatureFile: 'Include/features/checkoutOverview/CheckoutOverview.feature' and extract report to folder: '/Users/giyu/Documents/Katalon/MyProjects/QA-Automation-Project/Reports/20260918_152945/SauceDemoWeb/20260918_152945/cucumber_report/1789720360078'...

18-09-2026T15:32:40 - [TEST_CASE][PASSED] - Start Test Case : SCENARIO Verify checkout totals: SCENARIO Verify checkout totals

18-09-2026T15:32:40 - [TEST_STEP][PASSED] - Before scenario: setUp: Wait for page load successfully

18-09-2026T15:32:40 - [MESSAGE][INFO] - Starting 'Chrome' driver

18-09-2026T15:32:40 - [MESSAGE][INFO] - User set preference: ['prefs', '{credentials_enable_service=false, profile.password_manager_enabled=false, profile.password_manager_leak_detection=false}']

18-09-2026T15:32:40 - [MESSAGE][INFO] - Action delay is set to 0 milliseconds

18-09-2026T15:32:40 - [MESSAGE][PASSED] - Browser is opened with url: ''

18-09-2026T15:32:41 - [MESSAGE][PASSED] - Current window maximized

18-09-2026T15:32:41 - [MESSAGE][PASSED] - Navigate to 'https://www.saucedemo.com' successfully

18-09-2026T15:32:41 - [MESSAGE][PASSED] - Wait for page load successfully

18-09-2026T15:32:41 - [TEST_STEP][PASSED] - user is logged in with valid credentials: user is logged in with valid credentials

18-09-2026T15:32:42 - [MESSAGE][PASSED] - Object 'Object Repository/Login/txt_Username' is visible

18-09-2026T15:32:42 - [MESSAGE][PASSED] - Text 'standard_user' is set on object 'Object Repository/Login/txt_Username'

18-09-2026T15:32:43 - [MESSAGE][PASSED] - Text 'secret_sauce' is set on object 'Object Repository/Login/txt_Password'

18-09-2026T15:32:43 - [MESSAGE][PASSED] - Object 'Object Repository/Login/btn_Login' is clickable

18-09-2026T15:32:43 - [MESSAGE][PASSED] - Object: 'Object Repository/Login/btn_Login' is clicked on

18-09-2026T15:32:44 - [MESSAGE][PASSED] - Object 'Object Repository/Inventory/lbl_Title' is visible

18-09-2026T15:32:44 - [MESSAGE][PASSED] - Text of object 'Object Repository/Inventory/lbl_Title' is: 'Products'

18-09-2026T15:32:44 - [MESSAGE][PASSED] - user is logged in with valid credentials

18-09-2026T15:32:44 - [TEST_STEP][PASSED] - user adds product "Sauce Labs Backpack" to the cart: user adds product "Sauce Labs Backpack" to the cart

18-09-2026T15:32:44 - [MESSAGE][PASSED] - Object 'Object Repository/Inventory/btn_AddToCart_Dynamic' is clickable

18-09-2026T15:32:45 - [MESSAGE][PASSED] - Object: 'Object Repository/Inventory/btn_AddToCart_Dynamic' is clicked on

18-09-2026T15:32:45 - [MESSAGE][PASSED] - Object 'Object Repository/Inventory/btn_Remove_Dynamic' is visible

18-09-2026T15:32:45 - [MESSAGE][PASSED] - user adds product "Sauce Labs Backpack" to the cart

18-09-2026T15:32:45 - [TEST_STEP][PASSED] - user clicks on shopping cart icon: user clicks on shopping cart icon

18-09-2026T15:32:45 - [MESSAGE][PASSED] - Object 'Object Repository/Common/btn_Cart' is clickable

18-09-2026T15:32:46 - [MESSAGE][PASSED] - Object: 'Object Repository/Common/btn_Cart' is clicked on

18-09-2026T15:32:46 - [MESSAGE][PASSED] - Object 'Object Repository/Cart/lbl_Title' is visible

18-09-2026T15:32:46 - [MESSAGE][PASSED] - user clicks on shopping cart icon

18-09-2026T15:32:46 - [TEST_STEP][PASSED] - user clicks the Checkout button: user clicks the Checkout button

18-09-2026T15:32:46 - [MESSAGE][PASSED] - Object 'Object Repository/Cart/btn_Checkout' is clickable

18-09-2026T15:32:47 - [MESSAGE][PASSED] - Object: 'Object Repository/Cart/btn_Checkout' is clicked on

18-09-2026T15:32:47 - [MESSAGE][PASSED] - user clicks the Checkout button

18-09-2026T15:32:47 - [TEST_STEP][PASSED] - user submits checkout information with first name "Herman", last name "Siswanto", and postal code "12345": user submits checkout information with first name "Herman", last name "Siswanto", and postal code "12345"

18-09-2026T15:32:47 - [MESSAGE][PASSED] - Object 'Object Repository/Checkout/txt_FirstName' is visible

18-09-2026T15:32:48 - [MESSAGE][PASSED] - Text 'Herman' is set on object 'Object Repository/Checkout/txt_FirstName'

18-09-2026T15:32:48 - [MESSAGE][PASSED] - Text 'Siswanto' is set on object 'Object Repository/Checkout/txt_LastName'

18-09-2026T15:32:49 - [MESSAGE][PASSED] - Text '12345' is set on object 'Object Repository/Checkout/txt_PostalCode'

18-09-2026T15:32:49 - [MESSAGE][PASSED] - Object 'Object Repository/Checkout/btn_Continue' is clickable

18-09-2026T15:32:50 - [MESSAGE][PASSED] - Object: 'Object Repository/Checkout/btn_Continue' is clicked on

18-09-2026T15:32:50 - [MESSAGE][PASSED] - user submits checkout information with first name "Herman", last name "Siswanto", and postal code "12345"

18-09-2026T15:32:50 - [TEST_STEP][PASSED] - user should be on the Checkout Overview page: user should be on the Checkout Overview page

18-09-2026T15:32:50 - [MESSAGE][PASSED] - Object 'Object Repository/CheckoutOverview/lbl_Title' is visible

18-09-2026T15:32:50 - [MESSAGE][PASSED] - Text of object 'Object Repository/CheckoutOverview/lbl_Title' is: 'Checkout: Overview'

18-09-2026T15:32:50 - [MESSAGE][PASSED] - user should be on the Checkout Overview page

18-09-2026T15:32:50 - [TEST_STEP][PASSED] - checkout overview should show item total "$29.99", tax "$2.40", and total "$32.39": checkout overview should show item total "$29.99", tax "$2.40", and total "$32.39"

18-09-2026T15:32:51 - [MESSAGE][PASSED] - Object 'Object Repository/CheckoutOverview/lbl_ItemTotal' is visible

18-09-2026T15:32:51 - [MESSAGE][PASSED] - Object 'Object Repository/CheckoutOverview/lbl_Tax' is visible

18-09-2026T15:32:51 - [MESSAGE][PASSED] - Object 'Object Repository/CheckoutOverview/lbl_Total' is visible

18-09-2026T15:32:51 - [MESSAGE][PASSED] - Text of object 'Object Repository/CheckoutOverview/lbl_ItemTotal' is: 'Item total: $29.99'

18-09-2026T15:32:52 - [MESSAGE][PASSED] - Text of object 'Object Repository/CheckoutOverview/lbl_Tax' is: 'Tax: $2.40'

18-09-2026T15:32:52 - [MESSAGE][PASSED] - Text of object 'Object Repository/CheckoutOverview/lbl_Total' is: 'Total: $32.39'

18-09-2026T15:32:52 - [MESSAGE][PASSED] - checkout overview should show item total "$29.99", tax "$2.40", and total "$32.39"

18-09-2026T15:32:52 - [TEST_STEP][PASSED] - After scenario: tearDown: Browser is closed

18-09-2026T15:32:52 - [MESSAGE][PASSED] - Browser is closed

18-09-2026T15:32:52 - [TEST_CASE][PASSED] - Start Test Case : SCENARIO Cancel checkout from the overview page: SCENARIO Cancel checkout from the overview page

18-09-2026T15:32:52 - [TEST_STEP][PASSED] - Before scenario: setUp: Wait for page load successfully

18-09-2026T15:32:52 - [MESSAGE][INFO] - Starting 'Chrome' driver

18-09-2026T15:32:52 - [MESSAGE][INFO] - User set preference: ['prefs', '{credentials_enable_service=false, profile.password_manager_enabled=false, profile.password_manager_leak_detection=false}']

18-09-2026T15:32:52 - [MESSAGE][INFO] - Action delay is set to 0 milliseconds

18-09-2026T15:32:53 - [MESSAGE][PASSED] - Browser is opened with url: ''

18-09-2026T15:32:53 - [MESSAGE][PASSED] - Current window maximized

18-09-2026T15:32:53 - [MESSAGE][PASSED] - Navigate to 'https://www.saucedemo.com' successfully

18-09-2026T15:32:53 - [MESSAGE][PASSED] - Wait for page load successfully

18-09-2026T15:32:53 - [TEST_STEP][PASSED] - user is logged in with valid credentials: user is logged in with valid credentials

18-09-2026T15:32:54 - [MESSAGE][PASSED] - Object 'Object Repository/Login/txt_Username' is visible

18-09-2026T15:32:54 - [MESSAGE][PASSED] - Text 'standard_user' is set on object 'Object Repository/Login/txt_Username'

18-09-2026T15:32:55 - [MESSAGE][PASSED] - Text 'secret_sauce' is set on object 'Object Repository/Login/txt_Password'

18-09-2026T15:32:55 - [MESSAGE][PASSED] - Object 'Object Repository/Login/btn_Login' is clickable

18-09-2026T15:32:55 - [MESSAGE][PASSED] - Object: 'Object Repository/Login/btn_Login' is clicked on

18-09-2026T15:32:56 - [MESSAGE][PASSED] - Object 'Object Repository/Inventory/lbl_Title' is visible

18-09-2026T15:32:56 - [MESSAGE][PASSED] - Text of object 'Object Repository/Inventory/lbl_Title' is: 'Products'

18-09-2026T15:32:56 - [MESSAGE][PASSED] - user is logged in with valid credentials

18-09-2026T15:32:56 - [TEST_STEP][PASSED] - user adds product "Sauce Labs Backpack" to the cart: user adds product "Sauce Labs Backpack" to the cart

18-09-2026T15:32:56 - [MESSAGE][PASSED] - Object 'Object Repository/Inventory/btn_AddToCart_Dynamic' is clickable

18-09-2026T15:32:57 - [MESSAGE][PASSED] - Object: 'Object Repository/Inventory/btn_AddToCart_Dynamic' is clicked on

18-09-2026T15:32:57 - [MESSAGE][PASSED] - Object 'Object Repository/Inventory/btn_Remove_Dynamic' is visible

18-09-2026T15:32:57 - [MESSAGE][PASSED] - user adds product "Sauce Labs Backpack" to the cart

18-09-2026T15:32:57 - [TEST_STEP][PASSED] - user clicks on shopping cart icon: user clicks on shopping cart icon

18-09-2026T15:32:57 - [MESSAGE][PASSED] - Object 'Object Repository/Common/btn_Cart' is clickable

18-09-2026T15:32:58 - [MESSAGE][PASSED] - Object: 'Object Repository/Common/btn_Cart' is clicked on

18-09-2026T15:32:58 - [MESSAGE][PASSED] - Object 'Object Repository/Cart/lbl_Title' is visible

18-09-2026T15:32:58 - [MESSAGE][PASSED] - user clicks on shopping cart icon

18-09-2026T15:32:58 - [TEST_STEP][PASSED] - user clicks the Checkout button: user clicks the Checkout button

18-09-2026T15:32:58 - [MESSAGE][PASSED] - Object 'Object Repository/Cart/btn_Checkout' is clickable

18-09-2026T15:32:58 - [MESSAGE][PASSED] - Object: 'Object Repository/Cart/btn_Checkout' is clicked on

18-09-2026T15:32:58 - [MESSAGE][PASSED] - user clicks the Checkout button

18-09-2026T15:32:58 - [TEST_STEP][PASSED] - user submits checkout information with first name "Herman", last name "Siswanto", and postal code "12345": user submits checkout information with first name "Herman", last name "Siswanto", and postal code "12345"

18-09-2026T15:32:59 - [MESSAGE][PASSED] - Object 'Object Repository/Checkout/txt_FirstName' is visible

18-09-2026T15:32:59 - [MESSAGE][PASSED] - Text 'Herman' is set on object 'Object Repository/Checkout/txt_FirstName'

18-09-2026T15:33:00 - [MESSAGE][PASSED] - Text 'Siswanto' is set on object 'Object Repository/Checkout/txt_LastName'

18-09-2026T15:33:01 - [MESSAGE][PASSED] - Text '12345' is set on object 'Object Repository/Checkout/txt_PostalCode'

18-09-2026T15:33:01 - [MESSAGE][PASSED] - Object 'Object Repository/Checkout/btn_Continue' is clickable

18-09-2026T15:33:02 - [MESSAGE][PASSED] - Object: 'Object Repository/Checkout/btn_Continue' is clicked on

18-09-2026T15:33:02 - [MESSAGE][PASSED] - user submits checkout information with first name "Herman", last name "Siswanto", and postal code "12345"

18-09-2026T15:33:02 - [TEST_STEP][PASSED] - user should be on the Checkout Overview page: user should be on the Checkout Overview page

18-09-2026T15:33:02 - [MESSAGE][PASSED] - Object 'Object Repository/CheckoutOverview/lbl_Title' is visible

18-09-2026T15:33:02 - [MESSAGE][PASSED] - Text of object 'Object Repository/CheckoutOverview/lbl_Title' is: 'Checkout: Overview'

18-09-2026T15:33:02 - [MESSAGE][PASSED] - user should be on the Checkout Overview page

18-09-2026T15:33:02 - [TEST_STEP][PASSED] - user cancels checkout from the overview page: user cancels checkout from the overview page

18-09-2026T15:33:03 - [MESSAGE][PASSED] - Object 'Object Repository/CheckoutOverview/btn_Cancel' is clickable

18-09-2026T15:33:03 - [MESSAGE][PASSED] - Object: 'Object Repository/CheckoutOverview/btn_Cancel' is clicked on

18-09-2026T15:33:03 - [MESSAGE][PASSED] - user cancels checkout from the overview page

18-09-2026T15:33:03 - [TEST_STEP][PASSED] - user should be redirected to the inventory page: user should be redirected to the inventory page

18-09-2026T15:33:03 - [MESSAGE][PASSED] - Object 'Object Repository/Inventory/lbl_Title' is visible

18-09-2026T15:33:04 - [MESSAGE][PASSED] - Text of object 'Object Repository/Inventory/lbl_Title' is: 'Products'

18-09-2026T15:33:04 - [MESSAGE][PASSED] - user should be redirected to the inventory page

18-09-2026T15:33:04 - [TEST_STEP][PASSED] - After scenario: tearDown: Browser is closed

18-09-2026T15:33:04 - [MESSAGE][PASSED] - Browser is closed

18-09-2026T15:33:04 - [MESSAGE][PASSED] - Feature file: 'Include/features/checkoutOverview/CheckoutOverview.feature' was passed]]></system-out>
         <system-err><![CDATA[]]></system-err>
      </testcase>
      <system-out><![CDATA[18-09-2026T15:29:47 - [TEST_SUITE][PASSED] - SauceDemoWeb: null]]></system-out>
      <system-err><![CDATA[]]></system-err>
   </testsuite>
</testsuites>
